2026-04-16 23:17:33.738 +07:00 [INF] InterfaceJobService started
2026-04-16 23:17:34.547 +07:00 [INF] Now listening on: http://localhost:5163
2026-04-16 23:17:34.552 +07:00 [INF] Application started. Press Ctrl+C to shut down.
2026-04-16 23:17:34.556 +07:00 [INF] Hosting environment: Development
2026-04-16 23:17:34.557 +07:00 [INF] Content root path: C:\DATA_D\Work2\POS_NEW_gitlab\POS2SAP\backend\POS2SAP.API
2026-04-16 23:17:35.269 +07:00 [ERR] Scheduled batch error
Microsoft.Data.SqlClient.SqlException (0x80131904): Invalid object name 'interface_configs'.
   at Microsoft.Data.SqlClient.SqlCommand.<>c.<ExecuteDbDataReaderAsync>b__270_0(Task`1 result)
   at System.Threading.Tasks.ContinuationResultTaskFromResultTask`2.InnerInvoke()
   at System.Threading.ExecutionContext.RunInternal(ExecutionContext executionContext, ContextCallback callback, Object state)
--- End of stack trace from previous location ---
   at System.Threading.ExecutionContext.RunInternal(ExecutionContext executionContext, ContextCallback callback, Object state)
   at System.Threading.Tasks.Task.ExecuteWithThreadLocal(Task& currentTaskSlot, Thread threadPoolThread)
--- End of stack trace from previous location ---
   at Dapper.SqlMapper.QueryAsync[T](IDbConnection cnn, Type effectiveType, CommandDefinition command) in /_/Dapper/SqlMapper.Async.cs:line 434
   at POS2SAP.API.Services.Implementations.InterfaceMonitorService.GetConfigDictAsync() in C:\DATA_D\Work2\POS_NEW_gitlab\POS2SAP\backend\POS2SAP.API\Services\Implementations\InterfaceMonitorService.cs:line 236
   at POS2SAP.API.Services.Implementations.InterfaceJobService.ExecuteAsync(CancellationToken stoppingToken) in C:\DATA_D\Work2\POS_NEW_gitlab\POS2SAP\backend\POS2SAP.API\Services\Implementations\InterfaceJobService.cs:line 34
ClientConnectionId:095e013e-485f-42a1-9a3c-6b2fcc54dd65
Error Number:208,State:1,Class:16
2026-04-16 23:18:35.445 +07:00 [ERR] Scheduled batch error
Microsoft.Data.SqlClient.SqlException (0x80131904): Invalid object name 'interface_configs'.
   at Microsoft.Data.SqlClient.SqlCommand.<>c.<ExecuteDbDataReaderAsync>b__270_0(Task`1 result)
   at System.Threading.Tasks.ContinuationResultTaskFromResultTask`2.InnerInvoke()
   at System.Threading.ExecutionContext.RunInternal(ExecutionContext executionContext, ContextCallback callback, Object state)
--- End of stack trace from previous location ---
   at System.Threading.ExecutionContext.RunInternal(ExecutionContext executionContext, ContextCallback callback, Object state)
   at System.Threading.Tasks.Task.ExecuteWithThreadLocal(Task& currentTaskSlot, Thread threadPoolThread)
--- End of stack trace from previous location ---
   at Dapper.SqlMapper.QueryAsync[T](IDbConnection cnn, Type effectiveType, CommandDefinition command) in /_/Dapper/SqlMapper.Async.cs:line 434
   at POS2SAP.API.Services.Implementations.InterfaceMonitorService.GetConfigDictAsync() in C:\DATA_D\Work2\POS_NEW_gitlab\POS2SAP\backend\POS2SAP.API\Services\Implementations\InterfaceMonitorService.cs:line 236
   at POS2SAP.API.Services.Implementations.InterfaceJobService.ExecuteAsync(CancellationToken stoppingToken) in C:\DATA_D\Work2\POS_NEW_gitlab\POS2SAP\backend\POS2SAP.API\Services\Implementations\InterfaceJobService.cs:line 34
ClientConnectionId:095e013e-485f-42a1-9a3c-6b2fcc54dd65
Error Number:208,State:1,Class:16
2026-04-16 23:19:35.529 +07:00 [ERR] Scheduled batch error
Microsoft.Data.SqlClient.SqlException (0x80131904): Invalid object name 'interface_configs'.
   at Microsoft.Data.SqlClient.SqlCommand.<>c.<ExecuteDbDataReaderAsync>b__270_0(Task`1 result)
   at System.Threading.Tasks.ContinuationResultTaskFromResultTask`2.InnerInvoke()
   at System.Threading.ExecutionContext.RunInternal(ExecutionContext executionContext, ContextCallback callback, Object state)
--- End of stack trace from previous location ---
   at System.Threading.ExecutionContext.RunInternal(ExecutionContext executionContext, ContextCallback callback, Object state)
   at System.Threading.Tasks.Task.ExecuteWithThreadLocal(Task& currentTaskSlot, Thread threadPoolThread)
--- End of stack trace from previous location ---
   at Dapper.SqlMapper.QueryAsync[T](IDbConnection cnn, Type effectiveType, CommandDefinition command) in /_/Dapper/SqlMapper.Async.cs:line 434
   at POS2SAP.API.Services.Implementations.InterfaceMonitorService.GetConfigDictAsync() in C:\DATA_D\Work2\POS_NEW_gitlab\POS2SAP\backend\POS2SAP.API\Services\Implementations\InterfaceMonitorService.cs:line 236
   at POS2SAP.API.Services.Implementations.InterfaceJobService.ExecuteAsync(CancellationToken stoppingToken) in C:\DATA_D\Work2\POS_NEW_gitlab\POS2SAP\backend\POS2SAP.API\Services\Implementations\InterfaceJobService.cs:line 34
ClientConnectionId:095e013e-485f-42a1-9a3c-6b2fcc54dd65
Error Number:208,State:1,Class:16
2026-04-16 23:20:29.195 +07:00 [INF] Application is shutting down...
2026-04-16 23:20:36.824 +07:00 [INF] InterfaceJobService started
2026-04-16 23:20:37.240 +07:00 [INF] Now listening on: http://localhost:5163
2026-04-16 23:20:37.246 +07:00 [INF] Application started. Press Ctrl+C to shut down.
2026-04-16 23:20:37.248 +07:00 [INF] Hosting environment: Development
2026-04-16 23:20:37.250 +07:00 [INF] Content root path: C:\DATA_D\Work2\POS_NEW_gitlab\POS2SAP\backend\POS2SAP.API
2026-04-16 23:20:37.618 +07:00 [INF] Scheduled batch started
2026-04-16 23:20:37.790 +07:00 [ERR] Failed to fetch POS bills
Microsoft.Data.SqlClient.SqlException (0x80131904): Invalid object name 'POSBillHeader'.
   at Microsoft.Data.SqlClient.SqlCommand.<>c.<ExecuteDbDataReaderAsync>b__270_0(Task`1 result)
   at System.Threading.Tasks.ContinuationResultTaskFromResultTask`2.InnerInvoke()
   at System.Threading.ExecutionContext.RunInternal(ExecutionContext executionContext, ContextCallback callback, Object state)
--- End of stack trace from previous location ---
   at System.Threading.ExecutionContext.RunInternal(ExecutionContext executionContext, ContextCallback callback, Object state)
   at System.Threading.Tasks.Task.ExecuteWithThreadLocal(Task& currentTaskSlot, Thread threadPoolThread)
--- End of stack trace from previous location ---
   at Dapper.SqlMapper.QueryAsync[T](IDbConnection cnn, Type effectiveType, CommandDefinition command) in /_/Dapper/SqlMapper.Async.cs:line 434
   at POS2SAP.API.Services.Implementations.PosDataService.GetPendingBillsAsync() in C:\DATA_D\Work2\POS_NEW_gitlab\POS2SAP\backend\POS2SAP.API\Services\Implementations\PosDataService.cs:line 61
   at POS2SAP.API.Services.Implementations.InterfaceJobService.RunBatchAsync(IServiceScope scope, List`1 docNos) in C:\DATA_D\Work2\POS_NEW_gitlab\POS2SAP\backend\POS2SAP.API\Services\Implementations\InterfaceJobService.cs:line 116
ClientConnectionId:2a3609fd-d341-40a6-be30-da629de1b32e
Error Number:208,State:1,Class:16
2026-04-16 23:21:05.402 +07:00 [INF] Application is shutting down...
2026-04-16 23:21:05.408 +07:00 [INF] InterfaceJobService stopped
2026-04-16 23:25:04.490 +07:00 [INF] InterfaceJobService started
2026-04-16 23:25:04.796 +07:00 [INF] Now listening on: http://localhost:5163
2026-04-16 23:25:04.804 +07:00 [INF] Application started. Press Ctrl+C to shut down.
2026-04-16 23:25:04.812 +07:00 [INF] Hosting environment: Development
2026-04-16 23:25:04.812 +07:00 [INF] Content root path: C:\DATA_D\Work2\POS_NEW_gitlab\POS2SAP\backend\POS2SAP.API
2026-04-16 23:25:05.149 +07:00 [INF] Scheduled batch started
2026-04-16 23:25:05.222 +07:00 [INF] Batch complete: sent=0 failed=0
2026-04-16 23:25:27.282 +07:00 [INF] Application is shutting down...
2026-04-16 23:25:27.326 +07:00 [INF] InterfaceJobService stopped
2026-04-16 23:25:34.769 +07:00 [INF] InterfaceJobService started
2026-04-16 23:25:35.124 +07:00 [INF] Now listening on: http://localhost:5163
2026-04-16 23:25:35.129 +07:00 [INF] Application started. Press Ctrl+C to shut down.
2026-04-16 23:25:35.132 +07:00 [INF] Hosting environment: Development
2026-04-16 23:25:35.133 +07:00 [INF] Content root path: C:\DATA_D\Work2\POS_NEW_gitlab\POS2SAP\backend\POS2SAP.API
2026-04-16 23:25:35.506 +07:00 [INF] Scheduled batch started
2026-04-16 23:25:35.583 +07:00 [INF] Batch complete: sent=0 failed=0
2026-04-16 23:26:05.305 +07:00 [INF] Request starting HTTP/1.1 GET http://localhost:5163/api/monitor/logs?page=1&pageSize=20&sortBy=created_at&sortDirection=desc - null null
2026-04-16 23:26:05.374 +07:00 [INF] CORS policy execution failed.
2026-04-16 23:26:05.377 +07:00 [INF] Request origin http://localhost:5174 does not have permission to access the resource.
2026-04-16 23:26:05.388 +07:00 [INF] Executing endpoint 'POS2SAP.API.Controllers.MonitorController.GetLogs (POS2SAP.API)'
2026-04-16 23:26:05.434 +07:00 [INF] Route matched with {action = "GetLogs", controller = "Monitor"}. Executing controller action with signature System.Threading.Tasks.Task`1[Microsoft.AspNetCore.Mvc.ActionResult`1[POS2SAP.API.Common.ApiResponse`1[POS2SAP.API.Common.PagedResult`1[POS2SAP.API.DTOs.Monitor.InterfaceLogDto]]]] GetLogs(POS2SAP.API.DTOs.Monitor.InterfaceLogQueryParams) on controller POS2SAP.API.Controllers.MonitorController (POS2SAP.API).
2026-04-16 23:26:05.722 +07:00 [INF] Executing OkObjectResult, writing value of type 'POS2SAP.API.Common.ApiResponse`1[[POS2SAP.API.Common.PagedResult`1[[POS2SAP.API.DTOs.Monitor.InterfaceLogDto, POS2SAP.API, Version=1.0.0.0, Culture=neutral, PublicKeyToken=null]], POS2SAP.API, Version=1.0.0.0, Culture=neutral, PublicKeyToken=null]]'.
2026-04-16 23:26:05.815 +07:00 [INF] Executed action POS2SAP.API.Controllers.MonitorController.GetLogs (POS2SAP.API) in 370.4966ms
2026-04-16 23:26:05.821 +07:00 [INF] Executed endpoint 'POS2SAP.API.Controllers.MonitorController.GetLogs (POS2SAP.API)'
2026-04-16 23:26:05.829 +07:00 [INF] HTTP GET /api/monitor/logs responded 200 in 480.9163 ms
2026-04-16 23:26:05.836 +07:00 [INF] Request finished HTTP/1.1 GET http://localhost:5163/api/monitor/logs?page=1&pageSize=20&sortBy=created_at&sortDirection=desc - 200 null application/json; charset=utf-8 534.1713ms
2026-04-16 23:26:06.821 +07:00 [INF] Request starting HTTP/1.1 GET http://localhost:5163/api/monitor/logs?page=1&pageSize=20&sortBy=created_at&sortDirection=desc - null null
2026-04-16 23:26:06.837 +07:00 [INF] CORS policy execution failed.
2026-04-16 23:26:06.840 +07:00 [INF] Request origin http://localhost:5174 does not have permission to access the resource.
2026-04-16 23:26:06.843 +07:00 [INF] Executing endpoint 'POS2SAP.API.Controllers.MonitorController.GetLogs (POS2SAP.API)'
2026-04-16 23:26:06.847 +07:00 [INF] Route matched with {action = "GetLogs", controller = "Monitor"}. Executing controller action with signature System.Threading.Tasks.Task`1[Microsoft.AspNetCore.Mvc.ActionResult`1[POS2SAP.API.Common.ApiResponse`1[POS2SAP.API.Common.PagedResult`1[POS2SAP.API.DTOs.Monitor.InterfaceLogDto]]]] GetLogs(POS2SAP.API.DTOs.Monitor.InterfaceLogQueryParams) on controller POS2SAP.API.Controllers.MonitorController (POS2SAP.API).
2026-04-16 23:26:06.957 +07:00 [INF] Executing OkObjectResult, writing value of type 'POS2SAP.API.Common.ApiResponse`1[[POS2SAP.API.Common.PagedResult`1[[POS2SAP.API.DTOs.Monitor.InterfaceLogDto, POS2SAP.API, Version=1.0.0.0, Culture=neutral, PublicKeyToken=null]], POS2SAP.API, Version=1.0.0.0, Culture=neutral, PublicKeyToken=null]]'.
2026-04-16 23:26:06.962 +07:00 [INF] Executed action POS2SAP.API.Controllers.MonitorController.GetLogs (POS2SAP.API) in 109.3948ms
2026-04-16 23:26:06.967 +07:00 [INF] Executed endpoint 'POS2SAP.API.Controllers.MonitorController.GetLogs (POS2SAP.API)'
2026-04-16 23:26:06.970 +07:00 [INF] HTTP GET /api/monitor/logs responded 200 in 136.4435 ms
2026-04-16 23:26:06.976 +07:00 [INF] Request finished HTTP/1.1 GET http://localhost:5163/api/monitor/logs?page=1&pageSize=20&sortBy=created_at&sortDirection=desc - 200 null application/json; charset=utf-8 154.645ms
2026-04-16 23:26:07.329 +07:00 [INF] Request starting HTTP/1.1 GET http://localhost:5163/api/monitor/dashboard - null null
2026-04-16 23:26:07.342 +07:00 [INF] CORS policy execution failed.
2026-04-16 23:26:07.346 +07:00 [INF] Request origin http://localhost:5174 does not have permission to access the resource.
2026-04-16 23:26:07.349 +07:00 [INF] Executing endpoint 'POS2SAP.API.Controllers.MonitorController.GetDashboard (POS2SAP.API)'
2026-04-16 23:26:07.363 +07:00 [INF] Route matched with {action = "GetDashboard", controller = "Monitor"}. Executing controller action with signature System.Threading.Tasks.Task`1[Microsoft.AspNetCore.Mvc.ActionResult`1[POS2SAP.API.Common.ApiResponse`1[POS2SAP.API.DTOs.Monitor.DashboardSummaryDto]]] GetDashboard() on controller POS2SAP.API.Controllers.MonitorController (POS2SAP.API).
2026-04-16 23:26:07.587 +07:00 [INF] Executing OkObjectResult, writing value of type 'POS2SAP.API.Common.ApiResponse`1[[POS2SAP.API.DTOs.Monitor.DashboardSummaryDto, POS2SAP.API, Version=1.0.0.0, Culture=neutral, PublicKeyToken=null]]'.
2026-04-16 23:26:07.607 +07:00 [INF] Executed action POS2SAP.API.Controllers.MonitorController.GetDashboard (POS2SAP.API) in 236.542ms
2026-04-16 23:26:07.614 +07:00 [INF] Executed endpoint 'POS2SAP.API.Controllers.MonitorController.GetDashboard (POS2SAP.API)'
2026-04-16 23:26:07.616 +07:00 [INF] HTTP GET /api/monitor/dashboard responded 200 in 276.0390 ms
2026-04-16 23:26:07.619 +07:00 [INF] Request finished HTTP/1.1 GET http://localhost:5163/api/monitor/dashboard - 200 null application/json; charset=utf-8 290.3418ms
2026-04-16 23:26:08.617 +07:00 [INF] Request starting HTTP/1.1 GET http://localhost:5163/api/monitor/dashboard - null null
2026-04-16 23:26:08.630 +07:00 [INF] CORS policy execution failed.
2026-04-16 23:26:08.631 +07:00 [INF] Request origin http://localhost:5174 does not have permission to access the resource.
2026-04-16 23:26:08.643 +07:00 [INF] Executing endpoint 'POS2SAP.API.Controllers.MonitorController.GetDashboard (POS2SAP.API)'
2026-04-16 23:26:08.651 +07:00 [INF] Route matched with {action = "GetDashboard", controller = "Monitor"}. Executing controller action with signature System.Threading.Tasks.Task`1[Microsoft.AspNetCore.Mvc.ActionResult`1[POS2SAP.API.Common.ApiResponse`1[POS2SAP.API.DTOs.Monitor.DashboardSummaryDto]]] GetDashboard() on controller POS2SAP.API.Controllers.MonitorController (POS2SAP.API).
2026-04-16 23:26:08.878 +07:00 [INF] Request starting HTTP/1.1 GET http://localhost:5163/api/monitor/logs?page=1&pageSize=20&sortBy=created_at&sortDirection=desc - null null
2026-04-16 23:26:08.886 +07:00 [INF] CORS policy execution failed.
2026-04-16 23:26:08.888 +07:00 [INF] Request origin http://localhost:5174 does not have permission to access the resource.
2026-04-16 23:26:08.890 +07:00 [INF] Executing endpoint 'POS2SAP.API.Controllers.MonitorController.GetLogs (POS2SAP.API)'
2026-04-16 23:26:08.895 +07:00 [INF] Route matched with {action = "GetLogs", controller = "Monitor"}. Executing controller action with signature System.Threading.Tasks.Task`1[Microsoft.AspNetCore.Mvc.ActionResult`1[POS2SAP.API.Common.ApiResponse`1[POS2SAP.API.Common.PagedResult`1[POS2SAP.API.DTOs.Monitor.InterfaceLogDto]]]] GetLogs(POS2SAP.API.DTOs.Monitor.InterfaceLogQueryParams) on controller POS2SAP.API.Controllers.MonitorController (POS2SAP.API).
2026-04-16 23:26:09.003 +07:00 [INF] Executing OkObjectResult, writing value of type 'POS2SAP.API.Common.ApiResponse`1[[POS2SAP.API.DTOs.Monitor.DashboardSummaryDto, POS2SAP.API, Version=1.0.0.0, Culture=neutral, PublicKeyToken=null]]'.
2026-04-16 23:26:09.007 +07:00 [INF] Executed action POS2SAP.API.Controllers.MonitorController.GetDashboard (POS2SAP.API) in 350.4251ms
2026-04-16 23:26:09.011 +07:00 [INF] Executed endpoint 'POS2SAP.API.Controllers.MonitorController.GetDashboard (POS2SAP.API)'
2026-04-16 23:26:09.015 +07:00 [INF] HTTP GET /api/monitor/dashboard responded 200 in 385.4053 ms
2026-04-16 23:26:09.021 +07:00 [INF] Request finished HTTP/1.1 GET http://localhost:5163/api/monitor/dashboard - 200 null application/json; charset=utf-8 403.7504ms
2026-04-16 23:26:09.582 +07:00 [INF] Executing OkObjectResult, writing value of type 'POS2SAP.API.Common.ApiResponse`1[[POS2SAP.API.Common.PagedResult`1[[POS2SAP.API.DTOs.Monitor.InterfaceLogDto, POS2SAP.API, Version=1.0.0.0, Culture=neutral, PublicKeyToken=null]], POS2SAP.API, Version=1.0.0.0, Culture=neutral, PublicKeyToken=null]]'.
2026-04-16 23:26:09.606 +07:00 [INF] Executed action POS2SAP.API.Controllers.MonitorController.GetLogs (POS2SAP.API) in 705.6647ms
2026-04-16 23:26:09.615 +07:00 [INF] Executed endpoint 'POS2SAP.API.Controllers.MonitorController.GetLogs (POS2SAP.API)'
2026-04-16 23:26:09.617 +07:00 [INF] HTTP GET /api/monitor/logs responded 200 in 730.9427 ms
2026-04-16 23:26:09.623 +07:00 [INF] Request finished HTTP/1.1 GET http://localhost:5163/api/monitor/logs?page=1&pageSize=20&sortBy=created_at&sortDirection=desc - 200 null application/json; charset=utf-8 744.5661ms
2026-04-16 23:26:10.365 +07:00 [INF] Request starting HTTP/1.1 GET http://localhost:5163/api/config - null null
2026-04-16 23:26:10.372 +07:00 [INF] CORS policy execution failed.
2026-04-16 23:26:10.375 +07:00 [INF] Request origin http://localhost:5174 does not have permission to access the resource.
2026-04-16 23:26:10.377 +07:00 [INF] Executing endpoint 'POS2SAP.API.Controllers.ConfigController.GetAll (POS2SAP.API)'
2026-04-16 23:26:10.388 +07:00 [INF] Route matched with {action = "GetAll", controller = "Config"}. Executing controller action with signature System.Threading.Tasks.Task`1[Microsoft.AspNetCore.Mvc.ActionResult`1[POS2SAP.API.Common.ApiResponse`1[System.Collections.Generic.List`1[POS2SAP.API.DTOs.Config.InterfaceConfigDto]]]] GetAll() on controller POS2SAP.API.Controllers.ConfigController (POS2SAP.API).
2026-04-16 23:26:10.446 +07:00 [INF] Executing OkObjectResult, writing value of type 'POS2SAP.API.Common.ApiResponse`1[[System.Collections.Generic.List`1[[POS2SAP.API.DTOs.Config.InterfaceConfigDto, POS2SAP.API, Version=1.0.0.0, Culture=neutral, PublicKeyToken=null]], System.Private.CoreLib, Version=8.0.0.0, Culture=neutral, PublicKeyToken=7cec85d7bea7798e]]'.
2026-04-16 23:26:10.452 +07:00 [INF] Executed action POS2SAP.API.Controllers.ConfigController.GetAll (POS2SAP.API) in 59.6665ms
2026-04-16 23:26:10.455 +07:00 [INF] Executed endpoint 'POS2SAP.API.Controllers.ConfigController.GetAll (POS2SAP.API)'
2026-04-16 23:26:10.457 +07:00 [INF] HTTP GET /api/config responded 200 in 84.8193 ms
2026-04-16 23:26:10.463 +07:00 [INF] Request finished HTTP/1.1 GET http://localhost:5163/api/config - 200 null application/json; charset=utf-8 97.9896ms
2026-04-16 23:26:11.458 +07:00 [INF] Request starting HTTP/1.1 GET http://localhost:5163/api/config - null null
2026-04-16 23:26:11.469 +07:00 [INF] CORS policy execution failed.
2026-04-16 23:26:11.471 +07:00 [INF] Request origin http://localhost:5174 does not have permission to access the resource.
2026-04-16 23:26:11.473 +07:00 [INF] Executing endpoint 'POS2SAP.API.Controllers.ConfigController.GetAll (POS2SAP.API)'
2026-04-16 23:26:11.475 +07:00 [INF] Route matched with {action = "GetAll", controller = "Config"}. Executing controller action with signature System.Threading.Tasks.Task`1[Microsoft.AspNetCore.Mvc.ActionResult`1[POS2SAP.API.Common.ApiResponse`1[System.Collections.Generic.List`1[POS2SAP.API.DTOs.Config.InterfaceConfigDto]]]] GetAll() on controller POS2SAP.API.Controllers.ConfigController (POS2SAP.API).
2026-04-16 23:26:11.623 +07:00 [INF] Executing OkObjectResult, writing value of type 'POS2SAP.API.Common.ApiResponse`1[[System.Collections.Generic.List`1[[POS2SAP.API.DTOs.Config.InterfaceConfigDto, POS2SAP.API, Version=1.0.0.0, Culture=neutral, PublicKeyToken=null]], System.Private.CoreLib, Version=8.0.0.0, Culture=neutral, PublicKeyToken=7cec85d7bea7798e]]'.
2026-04-16 23:26:11.625 +07:00 [INF] Executed action POS2SAP.API.Controllers.ConfigController.GetAll (POS2SAP.API) in 145.0138ms
2026-04-16 23:26:11.637 +07:00 [INF] Executed endpoint 'POS2SAP.API.Controllers.ConfigController.GetAll (POS2SAP.API)'
2026-04-16 23:26:11.654 +07:00 [INF] HTTP GET /api/config responded 200 in 185.1676 ms
2026-04-16 23:26:11.658 +07:00 [INF] Request finished HTTP/1.1 GET http://localhost:5163/api/config - 200 null application/json; charset=utf-8 200.3329ms
2026-04-16 23:26:19.351 +07:00 [INF] Request starting HTTP/1.1 GET http://localhost:5163/api/monitor/dashboard - null null
2026-04-16 23:26:19.375 +07:00 [INF] CORS policy execution failed.
2026-04-16 23:26:19.382 +07:00 [INF] Request origin http://localhost:5174 does not have permission to access the resource.
2026-04-16 23:26:19.386 +07:00 [INF] Executing endpoint 'POS2SAP.API.Controllers.MonitorController.GetDashboard (POS2SAP.API)'
2026-04-16 23:26:19.392 +07:00 [INF] Route matched with {action = "GetDashboard", controller = "Monitor"}. Executing controller action with signature System.Threading.Tasks.Task`1[Microsoft.AspNetCore.Mvc.ActionResult`1[POS2SAP.API.Common.ApiResponse`1[POS2SAP.API.DTOs.Monitor.DashboardSummaryDto]]] GetDashboard() on controller POS2SAP.API.Controllers.MonitorController (POS2SAP.API).
2026-04-16 23:26:19.665 +07:00 [INF] Executing OkObjectResult, writing value of type 'POS2SAP.API.Common.ApiResponse`1[[POS2SAP.API.DTOs.Monitor.DashboardSummaryDto, POS2SAP.API, Version=1.0.0.0, Culture=neutral, PublicKeyToken=null]]'.
2026-04-16 23:26:19.675 +07:00 [INF] Executed action POS2SAP.API.Controllers.MonitorController.GetDashboard (POS2SAP.API) in 270.6092ms
2026-04-16 23:26:19.685 +07:00 [INF] Executed endpoint 'POS2SAP.API.Controllers.MonitorController.GetDashboard (POS2SAP.API)'
2026-04-16 23:26:19.690 +07:00 [INF] HTTP GET /api/monitor/dashboard responded 200 in 315.2978 ms
2026-04-16 23:26:19.709 +07:00 [INF] Request finished HTTP/1.1 GET http://localhost:5163/api/monitor/dashboard - 200 null application/json; charset=utf-8 356.7798ms
2026-04-16 23:26:20.688 +07:00 [INF] Request starting HTTP/1.1 GET http://localhost:5163/api/monitor/dashboard - null null
2026-04-16 23:26:20.698 +07:00 [INF] CORS policy execution failed.
2026-04-16 23:26:20.705 +07:00 [INF] Request origin http://localhost:5174 does not have permission to access the resource.
2026-04-16 23:26:20.708 +07:00 [INF] Executing endpoint 'POS2SAP.API.Controllers.MonitorController.GetDashboard (POS2SAP.API)'
2026-04-16 23:26:20.716 +07:00 [INF] Route matched with {action = "GetDashboard", controller = "Monitor"}. Executing controller action with signature System.Threading.Tasks.Task`1[Microsoft.AspNetCore.Mvc.ActionResult`1[POS2SAP.API.Common.ApiResponse`1[POS2SAP.API.DTOs.Monitor.DashboardSummaryDto]]] GetDashboard() on controller POS2SAP.API.Controllers.MonitorController (POS2SAP.API).
2026-04-16 23:26:20.947 +07:00 [INF] Executing OkObjectResult, writing value of type 'POS2SAP.API.Common.ApiResponse`1[[POS2SAP.API.DTOs.Monitor.DashboardSummaryDto, POS2SAP.API, Version=1.0.0.0, Culture=neutral, PublicKeyToken=null]]'.
2026-04-16 23:26:20.951 +07:00 [INF] Executed action POS2SAP.API.Controllers.MonitorController.GetDashboard (POS2SAP.API) in 227.9767ms
2026-04-16 23:26:20.954 +07:00 [INF] Executed endpoint 'POS2SAP.API.Controllers.MonitorController.GetDashboard (POS2SAP.API)'
2026-04-16 23:26:20.956 +07:00 [INF] HTTP GET /api/monitor/dashboard responded 200 in 258.4222 ms
2026-04-16 23:26:20.958 +07:00 [INF] Request finished HTTP/1.1 GET http://localhost:5163/api/monitor/dashboard - 200 null application/json; charset=utf-8 270.3157ms
2026-04-16 23:26:23.033 +07:00 [INF] Request starting HTTP/1.1 GET http://localhost:5163/api/monitor/logs?page=1&pageSize=20&sortBy=created_at&sortDirection=desc - null null
2026-04-16 23:26:23.046 +07:00 [INF] CORS policy execution failed.
2026-04-16 23:26:23.051 +07:00 [INF] Request origin http://localhost:5174 does not have permission to access the resource.
2026-04-16 23:26:23.054 +07:00 [INF] Executing endpoint 'POS2SAP.API.Controllers.MonitorController.GetLogs (POS2SAP.API)'
2026-04-16 23:26:23.056 +07:00 [INF] Route matched with {action = "GetLogs", controller = "Monitor"}. Executing controller action with signature System.Threading.Tasks.Task`1[Microsoft.AspNetCore.Mvc.ActionResult`1[POS2SAP.API.Common.ApiResponse`1[POS2SAP.API.Common.PagedResult`1[POS2SAP.API.DTOs.Monitor.InterfaceLogDto]]]] GetLogs(POS2SAP.API.DTOs.Monitor.InterfaceLogQueryParams) on controller POS2SAP.API.Controllers.MonitorController (POS2SAP.API).
2026-04-16 23:26:23.287 +07:00 [INF] Executing OkObjectResult, writing value of type 'POS2SAP.API.Common.ApiResponse`1[[POS2SAP.API.Common.PagedResult`1[[POS2SAP.API.DTOs.Monitor.InterfaceLogDto, POS2SAP.API, Version=1.0.0.0, Culture=neutral, PublicKeyToken=null]], POS2SAP.API, Version=1.0.0.0, Culture=neutral, PublicKeyToken=null]]'.
2026-04-16 23:26:23.290 +07:00 [INF] Executed action POS2SAP.API.Controllers.MonitorController.GetLogs (POS2SAP.API) in 227.8023ms
2026-04-16 23:26:23.296 +07:00 [INF] Executed endpoint 'POS2SAP.API.Controllers.MonitorController.GetLogs (POS2SAP.API)'
2026-04-16 23:26:23.299 +07:00 [INF] HTTP GET /api/monitor/logs responded 200 in 252.7599 ms
2026-04-16 23:26:23.302 +07:00 [INF] Request finished HTTP/1.1 GET http://localhost:5163/api/monitor/logs?page=1&pageSize=20&sortBy=created_at&sortDirection=desc - 200 null application/json; charset=utf-8 268.3779ms
2026-04-16 23:26:24.298 +07:00 [INF] Request starting HTTP/1.1 GET http://localhost:5163/api/monitor/logs?page=1&pageSize=20&sortBy=created_at&sortDirection=desc - null null
2026-04-16 23:26:24.316 +07:00 [INF] CORS policy execution failed.
2026-04-16 23:26:24.330 +07:00 [INF] Request origin http://localhost:5174 does not have permission to access the resource.
2026-04-16 23:26:24.335 +07:00 [INF] Executing endpoint 'POS2SAP.API.Controllers.MonitorController.GetLogs (POS2SAP.API)'
2026-04-16 23:26:24.350 +07:00 [INF] Route matched with {action = "GetLogs", controller = "Monitor"}. Executing controller action with signature System.Threading.Tasks.Task`1[Microsoft.AspNetCore.Mvc.ActionResult`1[POS2SAP.API.Common.ApiResponse`1[POS2SAP.API.Common.PagedResult`1[POS2SAP.API.DTOs.Monitor.InterfaceLogDto]]]] GetLogs(POS2SAP.API.DTOs.Monitor.InterfaceLogQueryParams) on controller POS2SAP.API.Controllers.MonitorController (POS2SAP.API).
2026-04-16 23:26:24.484 +07:00 [INF] Executing OkObjectResult, writing value of type 'POS2SAP.API.Common.ApiResponse`1[[POS2SAP.API.Common.PagedResult`1[[POS2SAP.API.DTOs.Monitor.InterfaceLogDto, POS2SAP.API, Version=1.0.0.0, Culture=neutral, PublicKeyToken=null]], POS2SAP.API, Version=1.0.0.0, Culture=neutral, PublicKeyToken=null]]'.
2026-04-16 23:26:24.497 +07:00 [INF] Executed action POS2SAP.API.Controllers.MonitorController.GetLogs (POS2SAP.API) in 141.6863ms
2026-04-16 23:26:24.522 +07:00 [INF] Executed endpoint 'POS2SAP.API.Controllers.MonitorController.GetLogs (POS2SAP.API)'
2026-04-16 23:26:24.524 +07:00 [INF] HTTP GET /api/monitor/logs responded 200 in 208.0530 ms
2026-04-16 23:26:24.534 +07:00 [INF] Request finished HTTP/1.1 GET http://localhost:5163/api/monitor/logs?page=1&pageSize=20&sortBy=created_at&sortDirection=desc - 200 null application/json; charset=utf-8 235.4472ms
2026-04-16 23:26:32.051 +07:00 [INF] Request starting HTTP/1.1 GET http://localhost:5163/api/monitor/dashboard - null null
2026-04-16 23:26:32.054 +07:00 [INF] CORS policy execution failed.
2026-04-16 23:26:32.055 +07:00 [INF] Request origin http://localhost:5174 does not have permission to access the resource.
2026-04-16 23:26:32.056 +07:00 [INF] Executing endpoint 'POS2SAP.API.Controllers.MonitorController.GetDashboard (POS2SAP.API)'
2026-04-16 23:26:32.057 +07:00 [INF] Route matched with {action = "GetDashboard", controller = "Monitor"}. Executing controller action with signature System.Threading.Tasks.Task`1[Microsoft.AspNetCore.Mvc.ActionResult`1[POS2SAP.API.Common.ApiResponse`1[POS2SAP.API.DTOs.Monitor.DashboardSummaryDto]]] GetDashboard() on controller POS2SAP.API.Controllers.MonitorController (POS2SAP.API).
2026-04-16 23:26:32.374 +07:00 [INF] Executing OkObjectResult, writing value of type 'POS2SAP.API.Common.ApiResponse`1[[POS2SAP.API.DTOs.Monitor.DashboardSummaryDto, POS2SAP.API, Version=1.0.0.0, Culture=neutral, PublicKeyToken=null]]'.
2026-04-16 23:26:32.377 +07:00 [INF] Executed action POS2SAP.API.Controllers.MonitorController.GetDashboard (POS2SAP.API) in 316.764ms
2026-04-16 23:26:32.384 +07:00 [INF] Executed endpoint 'POS2SAP.API.Controllers.MonitorController.GetDashboard (POS2SAP.API)'
2026-04-16 23:26:32.385 +07:00 [INF] HTTP GET /api/monitor/dashboard responded 200 in 330.4769 ms
2026-04-16 23:26:32.387 +07:00 [INF] Request finished HTTP/1.1 GET http://localhost:5163/api/monitor/dashboard - 200 null application/json; charset=utf-8 335.7367ms
2026-04-16 23:26:33.386 +07:00 [INF] Request starting HTTP/1.1 GET http://localhost:5163/api/monitor/dashboard - null null
2026-04-16 23:26:33.403 +07:00 [INF] CORS policy execution failed.
2026-04-16 23:26:33.413 +07:00 [INF] Request origin http://localhost:5174 does not have permission to access the resource.
2026-04-16 23:26:33.424 +07:00 [INF] Executing endpoint 'POS2SAP.API.Controllers.MonitorController.GetDashboard (POS2SAP.API)'
2026-04-16 23:26:33.434 +07:00 [INF] Route matched with {action = "GetDashboard", controller = "Monitor"}. Executing controller action with signature System.Threading.Tasks.Task`1[Microsoft.AspNetCore.Mvc.ActionResult`1[POS2SAP.API.Common.ApiResponse`1[POS2SAP.API.DTOs.Monitor.DashboardSummaryDto]]] GetDashboard() on controller POS2SAP.API.Controllers.MonitorController (POS2SAP.API).
2026-04-16 23:26:33.658 +07:00 [INF] Executing OkObjectResult, writing value of type 'POS2SAP.API.Common.ApiResponse`1[[POS2SAP.API.DTOs.Monitor.DashboardSummaryDto, POS2SAP.API, Version=1.0.0.0, Culture=neutral, PublicKeyToken=null]]'.
2026-04-16 23:26:33.661 +07:00 [INF] Executed action POS2SAP.API.Controllers.MonitorController.GetDashboard (POS2SAP.API) in 225.9137ms
2026-04-16 23:26:33.689 +07:00 [INF] Executed endpoint 'POS2SAP.API.Controllers.MonitorController.GetDashboard (POS2SAP.API)'
2026-04-16 23:26:33.697 +07:00 [INF] HTTP GET /api/monitor/dashboard responded 200 in 294.7044 ms
2026-04-16 23:26:33.703 +07:00 [INF] Request finished HTTP/1.1 GET http://localhost:5163/api/monitor/dashboard - 200 null application/json; charset=utf-8 317.5003ms
2026-04-16 23:26:39.216 +07:00 [INF] Request starting HTTP/1.1 GET http://localhost:5163/api/monitor/logs?page=1&pageSize=20&sortBy=created_at&sortDirection=desc - null null
2026-04-16 23:26:39.223 +07:00 [INF] CORS policy execution failed.
2026-04-16 23:26:39.225 +07:00 [INF] Request origin http://localhost:5174 does not have permission to access the resource.
2026-04-16 23:26:39.229 +07:00 [INF] Executing endpoint 'POS2SAP.API.Controllers.MonitorController.GetLogs (POS2SAP.API)'
2026-04-16 23:26:39.231 +07:00 [INF] Route matched with {action = "GetLogs", controller = "Monitor"}. Executing controller action with signature System.Threading.Tasks.Task`1[Microsoft.AspNetCore.Mvc.ActionResult`1[POS2SAP.API.Common.ApiResponse`1[POS2SAP.API.Common.PagedResult`1[POS2SAP.API.DTOs.Monitor.InterfaceLogDto]]]] GetLogs(POS2SAP.API.DTOs.Monitor.InterfaceLogQueryParams) on controller POS2SAP.API.Controllers.MonitorController (POS2SAP.API).
2026-04-16 23:26:39.384 +07:00 [INF] Executing OkObjectResult, writing value of type 'POS2SAP.API.Common.ApiResponse`1[[POS2SAP.API.Common.PagedResult`1[[POS2SAP.API.DTOs.Monitor.InterfaceLogDto, POS2SAP.API, Version=1.0.0.0, Culture=neutral, PublicKeyToken=null]], POS2SAP.API, Version=1.0.0.0, Culture=neutral, PublicKeyToken=null]]'.
2026-04-16 23:26:39.386 +07:00 [INF] Executed action POS2SAP.API.Controllers.MonitorController.GetLogs (POS2SAP.API) in 152.6601ms
2026-04-16 23:26:39.388 +07:00 [INF] Executed endpoint 'POS2SAP.API.Controllers.MonitorController.GetLogs (POS2SAP.API)'
2026-04-16 23:26:39.389 +07:00 [INF] HTTP GET /api/monitor/logs responded 200 in 165.5588 ms
2026-04-16 23:26:39.390 +07:00 [INF] Request finished HTTP/1.1 GET http://localhost:5163/api/monitor/logs?page=1&pageSize=20&sortBy=created_at&sortDirection=desc - 200 null application/json; charset=utf-8 173.968ms
2026-04-16 23:26:40.399 +07:00 [INF] Request starting HTTP/1.1 GET http://localhost:5163/api/monitor/logs?page=1&pageSize=20&sortBy=created_at&sortDirection=desc - null null
2026-04-16 23:26:40.434 +07:00 [INF] CORS policy execution failed.
2026-04-16 23:26:40.440 +07:00 [INF] Request origin http://localhost:5174 does not have permission to access the resource.
2026-04-16 23:26:40.448 +07:00 [INF] Executing endpoint 'POS2SAP.API.Controllers.MonitorController.GetLogs (POS2SAP.API)'
2026-04-16 23:26:40.449 +07:00 [INF] Route matched with {action = "GetLogs", controller = "Monitor"}. Executing controller action with signature System.Threading.Tasks.Task`1[Microsoft.AspNetCore.Mvc.ActionResult`1[POS2SAP.API.Common.ApiResponse`1[POS2SAP.API.Common.PagedResult`1[POS2SAP.API.DTOs.Monitor.InterfaceLogDto]]]] GetLogs(POS2SAP.API.DTOs.Monitor.InterfaceLogQueryParams) on controller POS2SAP.API.Controllers.MonitorController (POS2SAP.API).
2026-04-16 23:26:40.612 +07:00 [INF] Executing OkObjectResult, writing value of type 'POS2SAP.API.Common.ApiResponse`1[[POS2SAP.API.Common.PagedResult`1[[POS2SAP.API.DTOs.Monitor.InterfaceLogDto, POS2SAP.API, Version=1.0.0.0, Culture=neutral, PublicKeyToken=null]], POS2SAP.API, Version=1.0.0.0, Culture=neutral, PublicKeyToken=null]]'.
2026-04-16 23:26:40.621 +07:00 [INF] Executed action POS2SAP.API.Controllers.MonitorController.GetLogs (POS2SAP.API) in 169.7725ms
2026-04-16 23:26:40.635 +07:00 [INF] Executed endpoint 'POS2SAP.API.Controllers.MonitorController.GetLogs (POS2SAP.API)'
2026-04-16 23:26:40.637 +07:00 [INF] HTTP GET /api/monitor/logs responded 200 in 203.7593 ms
2026-04-16 23:26:40.642 +07:00 [INF] Request finished HTTP/1.1 GET http://localhost:5163/api/monitor/logs?page=1&pageSize=20&sortBy=created_at&sortDirection=desc - 200 null application/json; charset=utf-8 242.2674ms
2026-04-16 23:26:43.436 +07:00 [INF] Request starting HTTP/1.1 GET http://localhost:5163/api/monitor/dashboard - null null
2026-04-16 23:26:43.437 +07:00 [INF] CORS policy execution failed.
2026-04-16 23:26:43.438 +07:00 [INF] Request origin http://localhost:5174 does not have permission to access the resource.
2026-04-16 23:26:43.438 +07:00 [INF] Executing endpoint 'POS2SAP.API.Controllers.MonitorController.GetDashboard (POS2SAP.API)'
2026-04-16 23:26:43.439 +07:00 [INF] Route matched with {action = "GetDashboard", controller = "Monitor"}. Executing controller action with signature System.Threading.Tasks.Task`1[Microsoft.AspNetCore.Mvc.ActionResult`1[POS2SAP.API.Common.ApiResponse`1[POS2SAP.API.DTOs.Monitor.DashboardSummaryDto]]] GetDashboard() on controller POS2SAP.API.Controllers.MonitorController (POS2SAP.API).
2026-04-16 23:26:43.819 +07:00 [INF] Executing OkObjectResult, writing value of type 'POS2SAP.API.Common.ApiResponse`1[[POS2SAP.API.DTOs.Monitor.DashboardSummaryDto, POS2SAP.API, Version=1.0.0.0, Culture=neutral, PublicKeyToken=null]]'.
2026-04-16 23:26:43.834 +07:00 [INF] Executed action POS2SAP.API.Controllers.MonitorController.GetDashboard (POS2SAP.API) in 394.651ms
2026-04-16 23:26:43.907 +07:00 [INF] Executed endpoint 'POS2SAP.API.Controllers.MonitorController.GetDashboard (POS2SAP.API)'
2026-04-16 23:26:43.918 +07:00 [INF] HTTP GET /api/monitor/dashboard responded 200 in 481.0545 ms
2026-04-16 23:26:43.935 +07:00 [INF] Request finished HTTP/1.1 GET http://localhost:5163/api/monitor/dashboard - 200 null application/json; charset=utf-8 499.5062ms
2026-04-16 23:26:44.876 +07:00 [INF] Request starting HTTP/1.1 GET http://localhost:5163/api/monitor/dashboard - null null
2026-04-16 23:26:44.911 +07:00 [INF] CORS policy execution failed.
2026-04-16 23:26:44.915 +07:00 [INF] Request origin http://localhost:5174 does not have permission to access the resource.
2026-04-16 23:26:44.916 +07:00 [INF] Executing endpoint 'POS2SAP.API.Controllers.MonitorController.GetDashboard (POS2SAP.API)'
2026-04-16 23:26:44.918 +07:00 [INF] Route matched with {action = "GetDashboard", controller = "Monitor"}. Executing controller action with signature System.Threading.Tasks.Task`1[Microsoft.AspNetCore.Mvc.ActionResult`1[POS2SAP.API.Common.ApiResponse`1[POS2SAP.API.DTOs.Monitor.DashboardSummaryDto]]] GetDashboard() on controller POS2SAP.API.Controllers.MonitorController (POS2SAP.API).
2026-04-16 23:26:45.074 +07:00 [INF] Request starting HTTP/1.1 GET http://localhost:5163/api/monitor/logs?page=1&pageSize=20&sortBy=created_at&sortDirection=desc - null null
2026-04-16 23:26:45.078 +07:00 [INF] CORS policy execution failed.
2026-04-16 23:26:45.082 +07:00 [INF] Request origin http://localhost:5174 does not have permission to access the resource.
2026-04-16 23:26:45.083 +07:00 [INF] Executing endpoint 'POS2SAP.API.Controllers.MonitorController.GetLogs (POS2SAP.API)'
2026-04-16 23:26:45.085 +07:00 [INF] Route matched with {action = "GetLogs", controller = "Monitor"}. Executing controller action with signature System.Threading.Tasks.Task`1[Microsoft.AspNetCore.Mvc.ActionResult`1[POS2SAP.API.Common.ApiResponse`1[POS2SAP.API.Common.PagedResult`1[POS2SAP.API.DTOs.Monitor.InterfaceLogDto]]]] GetLogs(POS2SAP.API.DTOs.Monitor.InterfaceLogQueryParams) on controller POS2SAP.API.Controllers.MonitorController (POS2SAP.API).
2026-04-16 23:26:45.273 +07:00 [INF] Executing OkObjectResult, writing value of type 'POS2SAP.API.Common.ApiResponse`1[[POS2SAP.API.Common.PagedResult`1[[POS2SAP.API.DTOs.Monitor.InterfaceLogDto, POS2SAP.API, Version=1.0.0.0, Culture=neutral, PublicKeyToken=null]], POS2SAP.API, Version=1.0.0.0, Culture=neutral, PublicKeyToken=null]]'.
2026-04-16 23:26:45.275 +07:00 [INF] Executed action POS2SAP.API.Controllers.MonitorController.GetLogs (POS2SAP.API) in 188.4233ms
2026-04-16 23:26:45.282 +07:00 [INF] Executed endpoint 'POS2SAP.API.Controllers.MonitorController.GetLogs (POS2SAP.API)'
2026-04-16 23:26:45.284 +07:00 [INF] HTTP GET /api/monitor/logs responded 200 in 205.9395 ms
2026-04-16 23:26:45.290 +07:00 [INF] Request finished HTTP/1.1 GET http://localhost:5163/api/monitor/logs?page=1&pageSize=20&sortBy=created_at&sortDirection=desc - 200 null application/json; charset=utf-8 215.2452ms
2026-04-16 23:26:45.322 +07:00 [INF] Executing OkObjectResult, writing value of type 'POS2SAP.API.Common.ApiResponse`1[[POS2SAP.API.DTOs.Monitor.DashboardSummaryDto, POS2SAP.API, Version=1.0.0.0, Culture=neutral, PublicKeyToken=null]]'.
2026-04-16 23:26:45.324 +07:00 [INF] Executed action POS2SAP.API.Controllers.MonitorController.GetDashboard (POS2SAP.API) in 401.3711ms
2026-04-16 23:26:45.332 +07:00 [INF] Executed endpoint 'POS2SAP.API.Controllers.MonitorController.GetDashboard (POS2SAP.API)'
2026-04-16 23:26:45.335 +07:00 [INF] HTTP GET /api/monitor/dashboard responded 200 in 423.8148 ms
2026-04-16 23:26:45.337 +07:00 [INF] Request finished HTTP/1.1 GET http://localhost:5163/api/monitor/dashboard - 200 null application/json; charset=utf-8 460.8786ms
2026-04-16 23:26:46.290 +07:00 [INF] Request starting HTTP/1.1 GET http://localhost:5163/api/monitor/logs?page=1&pageSize=20&sortBy=created_at&sortDirection=desc - null null
2026-04-16 23:26:46.332 +07:00 [INF] CORS policy execution failed.
2026-04-16 23:26:46.334 +07:00 [INF] Request origin http://localhost:5174 does not have permission to access the resource.
2026-04-16 23:26:46.336 +07:00 [INF] Executing endpoint 'POS2SAP.API.Controllers.MonitorController.GetLogs (POS2SAP.API)'
2026-04-16 23:26:46.339 +07:00 [INF] Route matched with {action = "GetLogs", controller = "Monitor"}. Executing controller action with signature System.Threading.Tasks.Task`1[Microsoft.AspNetCore.Mvc.ActionResult`1[POS2SAP.API.Common.ApiResponse`1[POS2SAP.API.Common.PagedResult`1[POS2SAP.API.DTOs.Monitor.InterfaceLogDto]]]] GetLogs(POS2SAP.API.DTOs.Monitor.InterfaceLogQueryParams) on controller POS2SAP.API.Controllers.MonitorController (POS2SAP.API).
2026-04-16 23:26:46.504 +07:00 [INF] Executing OkObjectResult, writing value of type 'POS2SAP.API.Common.ApiResponse`1[[POS2SAP.API.Common.PagedResult`1[[POS2SAP.API.DTOs.Monitor.InterfaceLogDto, POS2SAP.API, Version=1.0.0.0, Culture=neutral, PublicKeyToken=null]], POS2SAP.API, Version=1.0.0.0, Culture=neutral, PublicKeyToken=null]]'.
2026-04-16 23:26:46.506 +07:00 [INF] Executed action POS2SAP.API.Controllers.MonitorController.GetLogs (POS2SAP.API) in 165.4405ms
2026-04-16 23:26:46.578 +07:00 [INF] Executed endpoint 'POS2SAP.API.Controllers.MonitorController.GetLogs (POS2SAP.API)'
2026-04-16 23:26:46.579 +07:00 [INF] HTTP GET /api/monitor/logs responded 200 in 247.1302 ms
2026-04-16 23:26:46.581 +07:00 [INF] Request finished HTTP/1.1 GET http://localhost:5163/api/monitor/logs?page=1&pageSize=20&sortBy=created_at&sortDirection=desc - 200 null application/json; charset=utf-8 290.5884ms
2026-04-16 23:26:48.371 +07:00 [INF] Request starting HTTP/1.1 GET http://localhost:5163/api/monitor/dashboard - null null
2026-04-16 23:26:48.375 +07:00 [INF] CORS policy execution failed.
2026-04-16 23:26:48.376 +07:00 [INF] Request origin http://localhost:5174 does not have permission to access the resource.
2026-04-16 23:26:48.378 +07:00 [INF] Executing endpoint 'POS2SAP.API.Controllers.MonitorController.GetDashboard (POS2SAP.API)'
2026-04-16 23:26:48.380 +07:00 [INF] Route matched with {action = "GetDashboard", controller = "Monitor"}. Executing controller action with signature System.Threading.Tasks.Task`1[Microsoft.AspNetCore.Mvc.ActionResult`1[POS2SAP.API.Common.ApiResponse`1[POS2SAP.API.DTOs.Monitor.DashboardSummaryDto]]] GetDashboard() on controller POS2SAP.API.Controllers.MonitorController (POS2SAP.API).
2026-04-16 23:26:48.861 +07:00 [INF] Executing OkObjectResult, writing value of type 'POS2SAP.API.Common.ApiResponse`1[[POS2SAP.API.DTOs.Monitor.DashboardSummaryDto, POS2SAP.API, Version=1.0.0.0, Culture=neutral, PublicKeyToken=null]]'.
2026-04-16 23:26:48.871 +07:00 [INF] Executed action POS2SAP.API.Controllers.MonitorController.GetDashboard (POS2SAP.API) in 486.6613ms
2026-04-16 23:26:48.900 +07:00 [INF] Executed endpoint 'POS2SAP.API.Controllers.MonitorController.GetDashboard (POS2SAP.API)'
2026-04-16 23:26:48.913 +07:00 [INF] HTTP GET /api/monitor/dashboard responded 200 in 538.0626 ms
2026-04-16 23:26:48.914 +07:00 [INF] Request finished HTTP/1.1 GET http://localhost:5163/api/monitor/dashboard - 200 null application/json; charset=utf-8 543.4564ms
2026-04-16 23:26:49.886 +07:00 [INF] Request starting HTTP/1.1 GET http://localhost:5163/api/monitor/dashboard - null null
2026-04-16 23:26:49.899 +07:00 [INF] CORS policy execution failed.
2026-04-16 23:26:49.904 +07:00 [INF] Request origin http://localhost:5174 does not have permission to access the resource.
2026-04-16 23:26:49.906 +07:00 [INF] Executing endpoint 'POS2SAP.API.Controllers.MonitorController.GetDashboard (POS2SAP.API)'
2026-04-16 23:26:49.907 +07:00 [INF] Route matched with {action = "GetDashboard", controller = "Monitor"}. Executing controller action with signature System.Threading.Tasks.Task`1[Microsoft.AspNetCore.Mvc.ActionResult`1[POS2SAP.API.Common.ApiResponse`1[POS2SAP.API.DTOs.Monitor.DashboardSummaryDto]]] GetDashboard() on controller POS2SAP.API.Controllers.MonitorController (POS2SAP.API).
2026-04-16 23:26:50.400 +07:00 [INF] Executing OkObjectResult, writing value of type 'POS2SAP.API.Common.ApiResponse`1[[POS2SAP.API.DTOs.Monitor.DashboardSummaryDto, POS2SAP.API, Version=1.0.0.0, Culture=neutral, PublicKeyToken=null]]'.
2026-04-16 23:26:50.456 +07:00 [INF] Executed action POS2SAP.API.Controllers.MonitorController.GetDashboard (POS2SAP.API) in 545.5951ms
2026-04-16 23:26:50.504 +07:00 [INF] Executed endpoint 'POS2SAP.API.Controllers.MonitorController.GetDashboard (POS2SAP.API)'
2026-04-16 23:26:50.507 +07:00 [INF] HTTP GET /api/monitor/dashboard responded 200 in 608.3395 ms
2026-04-16 23:26:50.513 +07:00 [INF] Request finished HTTP/1.1 GET http://localhost:5163/api/monitor/dashboard - 200 null application/json; charset=utf-8 627.3162ms
2026-04-16 23:26:51.932 +07:00 [INF] Request starting HTTP/1.1 GET http://localhost:5163/api/monitor/logs?page=1&pageSize=20&sortBy=created_at&sortDirection=desc - null null
2026-04-16 23:26:51.942 +07:00 [INF] CORS policy execution failed.
2026-04-16 23:26:51.946 +07:00 [INF] Request origin http://localhost:5174 does not have permission to access the resource.
2026-04-16 23:26:51.949 +07:00 [INF] Executing endpoint 'POS2SAP.API.Controllers.MonitorController.GetLogs (POS2SAP.API)'
2026-04-16 23:26:51.952 +07:00 [INF] Route matched with {action = "GetLogs", controller = "Monitor"}. Executing controller action with signature System.Threading.Tasks.Task`1[Microsoft.AspNetCore.Mvc.ActionResult`1[POS2SAP.API.Common.ApiResponse`1[POS2SAP.API.Common.PagedResult`1[POS2SAP.API.DTOs.Monitor.InterfaceLogDto]]]] GetLogs(POS2SAP.API.DTOs.Monitor.InterfaceLogQueryParams) on controller POS2SAP.API.Controllers.MonitorController (POS2SAP.API).
2026-04-16 23:26:52.085 +07:00 [INF] Executing OkObjectResult, writing value of type 'POS2SAP.API.Common.ApiResponse`1[[POS2SAP.API.Common.PagedResult`1[[POS2SAP.API.DTOs.Monitor.InterfaceLogDto, POS2SAP.API, Version=1.0.0.0, Culture=neutral, PublicKeyToken=null]], POS2SAP.API, Version=1.0.0.0, Culture=neutral, PublicKeyToken=null]]'.
2026-04-16 23:26:52.089 +07:00 [INF] Executed action POS2SAP.API.Controllers.MonitorController.GetLogs (POS2SAP.API) in 133.7535ms
2026-04-16 23:26:52.103 +07:00 [INF] Executed endpoint 'POS2SAP.API.Controllers.MonitorController.GetLogs (POS2SAP.API)'
2026-04-16 23:26:52.107 +07:00 [INF] HTTP GET /api/monitor/logs responded 200 in 165.6432 ms
2026-04-16 23:26:52.114 +07:00 [INF] Request finished HTTP/1.1 GET http://localhost:5163/api/monitor/logs?page=1&pageSize=20&sortBy=created_at&sortDirection=desc - 200 null application/json; charset=utf-8 181.3714ms
2026-04-16 23:26:53.137 +07:00 [INF] Request starting HTTP/1.1 GET http://localhost:5163/api/monitor/logs?page=1&pageSize=20&sortBy=created_at&sortDirection=desc - null null
2026-04-16 23:26:53.152 +07:00 [INF] CORS policy execution failed.
2026-04-16 23:26:53.156 +07:00 [INF] Request origin http://localhost:5174 does not have permission to access the resource.
2026-04-16 23:26:53.198 +07:00 [INF] Executing endpoint 'POS2SAP.API.Controllers.MonitorController.GetLogs (POS2SAP.API)'
2026-04-16 23:26:53.254 +07:00 [INF] Route matched with {action = "GetLogs", controller = "Monitor"}. Executing controller action with signature System.Threading.Tasks.Task`1[Microsoft.AspNetCore.Mvc.ActionResult`1[POS2SAP.API.Common.ApiResponse`1[POS2SAP.API.Common.PagedResult`1[POS2SAP.API.DTOs.Monitor.InterfaceLogDto]]]] GetLogs(POS2SAP.API.DTOs.Monitor.InterfaceLogQueryParams) on controller POS2SAP.API.Controllers.MonitorController (POS2SAP.API).
2026-04-16 23:26:53.399 +07:00 [INF] Executing OkObjectResult, writing value of type 'POS2SAP.API.Common.ApiResponse`1[[POS2SAP.API.Common.PagedResult`1[[POS2SAP.API.DTOs.Monitor.InterfaceLogDto, POS2SAP.API, Version=1.0.0.0, Culture=neutral, PublicKeyToken=null]], POS2SAP.API, Version=1.0.0.0, Culture=neutral, PublicKeyToken=null]]'.
2026-04-16 23:26:53.407 +07:00 [INF] Executed action POS2SAP.API.Controllers.MonitorController.GetLogs (POS2SAP.API) in 122.0087ms
2026-04-16 23:26:53.451 +07:00 [INF] Executed endpoint 'POS2SAP.API.Controllers.MonitorController.GetLogs (POS2SAP.API)'
2026-04-16 23:26:53.452 +07:00 [INF] HTTP GET /api/monitor/logs responded 200 in 300.1015 ms
2026-04-16 23:26:53.454 +07:00 [INF] Request finished HTTP/1.1 GET http://localhost:5163/api/monitor/logs?page=1&pageSize=20&sortBy=created_at&sortDirection=desc - 200 null application/json; charset=utf-8 316.5103ms
2026-04-16 23:30:35.771 +07:00 [INF] Scheduled batch started
2026-04-16 23:30:35.895 +07:00 [INF] Batch complete: sent=0 failed=0
2026-04-16 23:31:22.014 +07:00 [INF] Request starting HTTP/1.1 GET http://localhost:5163/api/monitor/dashboard - null null
2026-04-16 23:31:22.020 +07:00 [INF] CORS policy execution failed.
2026-04-16 23:31:22.025 +07:00 [INF] Request origin http://localhost:5174 does not have permission to access the resource.
2026-04-16 23:31:22.028 +07:00 [INF] Executing endpoint 'POS2SAP.API.Controllers.MonitorController.GetDashboard (POS2SAP.API)'
2026-04-16 23:31:22.035 +07:00 [INF] Route matched with {action = "GetDashboard", controller = "Monitor"}. Executing controller action with signature System.Threading.Tasks.Task`1[Microsoft.AspNetCore.Mvc.ActionResult`1[POS2SAP.API.Common.ApiResponse`1[POS2SAP.API.DTOs.Monitor.DashboardSummaryDto]]] GetDashboard() on controller POS2SAP.API.Controllers.MonitorController (POS2SAP.API).
2026-04-16 23:31:22.232 +07:00 [INF] Executing OkObjectResult, writing value of type 'POS2SAP.API.Common.ApiResponse`1[[POS2SAP.API.DTOs.Monitor.DashboardSummaryDto, POS2SAP.API, Version=1.0.0.0, Culture=neutral, PublicKeyToken=null]]'.
2026-04-16 23:31:22.236 +07:00 [INF] Executed action POS2SAP.API.Controllers.MonitorController.GetDashboard (POS2SAP.API) in 194.8382ms
2026-04-16 23:31:22.252 +07:00 [INF] Executed endpoint 'POS2SAP.API.Controllers.MonitorController.GetDashboard (POS2SAP.API)'
2026-04-16 23:31:22.257 +07:00 [INF] HTTP GET /api/monitor/dashboard responded 200 in 237.0130 ms
2026-04-16 23:31:22.267 +07:00 [INF] Request finished HTTP/1.1 GET http://localhost:5163/api/monitor/dashboard - 200 null application/json; charset=utf-8 253.372ms
2026-04-16 23:31:23.256 +07:00 [INF] Request starting HTTP/1.1 GET http://localhost:5163/api/monitor/dashboard - null null
2026-04-16 23:31:23.292 +07:00 [INF] CORS policy execution failed.
2026-04-16 23:31:23.303 +07:00 [INF] Request origin http://localhost:5174 does not have permission to access the resource.
2026-04-16 23:31:23.310 +07:00 [INF] Executing endpoint 'POS2SAP.API.Controllers.MonitorController.GetDashboard (POS2SAP.API)'
2026-04-16 23:31:23.319 +07:00 [INF] Route matched with {action = "GetDashboard", controller = "Monitor"}. Executing controller action with signature System.Threading.Tasks.Task`1[Microsoft.AspNetCore.Mvc.ActionResult`1[POS2SAP.API.Common.ApiResponse`1[POS2SAP.API.DTOs.Monitor.DashboardSummaryDto]]] GetDashboard() on controller POS2SAP.API.Controllers.MonitorController (POS2SAP.API).
2026-04-16 23:31:23.544 +07:00 [INF] Executing OkObjectResult, writing value of type 'POS2SAP.API.Common.ApiResponse`1[[POS2SAP.API.DTOs.Monitor.DashboardSummaryDto, POS2SAP.API, Version=1.0.0.0, Culture=neutral, PublicKeyToken=null]]'.
2026-04-16 23:31:23.562 +07:00 [INF] Executed action POS2SAP.API.Controllers.MonitorController.GetDashboard (POS2SAP.API) in 239.2058ms
2026-04-16 23:31:23.626 +07:00 [INF] Executed endpoint 'POS2SAP.API.Controllers.MonitorController.GetDashboard (POS2SAP.API)'
2026-04-16 23:31:23.631 +07:00 [INF] HTTP GET /api/monitor/dashboard responded 200 in 339.7053 ms
2026-04-16 23:31:23.635 +07:00 [INF] Request finished HTTP/1.1 GET http://localhost:5163/api/monitor/dashboard - 200 null application/json; charset=utf-8 378.7482ms
2026-04-16 23:31:27.002 +07:00 [INF] Request starting HTTP/1.1 GET http://localhost:5163/api/monitor/logs?page=1&pageSize=20&sortBy=created_at&sortDirection=desc - null null
2026-04-16 23:31:27.053 +07:00 [INF] CORS policy execution failed.
2026-04-16 23:31:27.065 +07:00 [INF] Request origin http://localhost:5174 does not have permission to access the resource.
2026-04-16 23:31:27.067 +07:00 [INF] Executing endpoint 'POS2SAP.API.Controllers.MonitorController.GetLogs (POS2SAP.API)'
2026-04-16 23:31:27.070 +07:00 [INF] Route matched with {action = "GetLogs", controller = "Monitor"}. Executing controller action with signature System.Threading.Tasks.Task`1[Microsoft.AspNetCore.Mvc.ActionResult`1[POS2SAP.API.Common.ApiResponse`1[POS2SAP.API.Common.PagedResult`1[POS2SAP.API.DTOs.Monitor.InterfaceLogDto]]]] GetLogs(POS2SAP.API.DTOs.Monitor.InterfaceLogQueryParams) on controller POS2SAP.API.Controllers.MonitorController (POS2SAP.API).
2026-04-16 23:31:27.271 +07:00 [INF] Executing OkObjectResult, writing value of type 'POS2SAP.API.Common.ApiResponse`1[[POS2SAP.API.Common.PagedResult`1[[POS2SAP.API.DTOs.Monitor.InterfaceLogDto, POS2SAP.API, Version=1.0.0.0, Culture=neutral, PublicKeyToken=null]], POS2SAP.API, Version=1.0.0.0, Culture=neutral, PublicKeyToken=null]]'.
2026-04-16 23:31:27.274 +07:00 [INF] Executed action POS2SAP.API.Controllers.MonitorController.GetLogs (POS2SAP.API) in 199.7355ms
2026-04-16 23:31:27.302 +07:00 [INF] Executed endpoint 'POS2SAP.API.Controllers.MonitorController.GetLogs (POS2SAP.API)'
2026-04-16 23:31:27.305 +07:00 [INF] HTTP GET /api/monitor/logs responded 200 in 251.8647 ms
2026-04-16 23:31:27.311 +07:00 [INF] Request finished HTTP/1.1 GET http://localhost:5163/api/monitor/logs?page=1&pageSize=20&sortBy=created_at&sortDirection=desc - 200 null application/json; charset=utf-8 308.4891ms
2026-04-16 23:31:28.324 +07:00 [INF] Request starting HTTP/1.1 GET http://localhost:5163/api/monitor/logs?page=1&pageSize=20&sortBy=created_at&sortDirection=desc - null null
2026-04-16 23:31:28.339 +07:00 [INF] CORS policy execution failed.
2026-04-16 23:31:28.343 +07:00 [INF] Request origin http://localhost:5174 does not have permission to access the resource.
2026-04-16 23:31:28.348 +07:00 [INF] Executing endpoint 'POS2SAP.API.Controllers.MonitorController.GetLogs (POS2SAP.API)'
2026-04-16 23:31:28.350 +07:00 [INF] Route matched with {action = "GetLogs", controller = "Monitor"}. Executing controller action with signature System.Threading.Tasks.Task`1[Microsoft.AspNetCore.Mvc.ActionResult`1[POS2SAP.API.Common.ApiResponse`1[POS2SAP.API.Common.PagedResult`1[POS2SAP.API.DTOs.Monitor.InterfaceLogDto]]]] GetLogs(POS2SAP.API.DTOs.Monitor.InterfaceLogQueryParams) on controller POS2SAP.API.Controllers.MonitorController (POS2SAP.API).
2026-04-16 23:31:28.556 +07:00 [INF] Executing OkObjectResult, writing value of type 'POS2SAP.API.Common.ApiResponse`1[[POS2SAP.API.Common.PagedResult`1[[POS2SAP.API.DTOs.Monitor.InterfaceLogDto, POS2SAP.API, Version=1.0.0.0, Culture=neutral, PublicKeyToken=null]], POS2SAP.API, Version=1.0.0.0, Culture=neutral, PublicKeyToken=null]]'.
2026-04-16 23:31:28.565 +07:00 [INF] Executed action POS2SAP.API.Controllers.MonitorController.GetLogs (POS2SAP.API) in 204.623ms
2026-04-16 23:31:28.623 +07:00 [INF] Executed endpoint 'POS2SAP.API.Controllers.MonitorController.GetLogs (POS2SAP.API)'
2026-04-16 23:31:28.627 +07:00 [INF] HTTP GET /api/monitor/logs responded 200 in 287.2179 ms
2026-04-16 23:31:28.638 +07:00 [INF] Request finished HTTP/1.1 GET http://localhost:5163/api/monitor/logs?page=1&pageSize=20&sortBy=created_at&sortDirection=desc - 200 null application/json; charset=utf-8 313.7186ms
2026-04-16 23:31:29.595 +07:00 [INF] Request starting HTTP/1.1 GET http://localhost:5163/api/monitor/dashboard - null null
2026-04-16 23:31:29.618 +07:00 [INF] CORS policy execution failed.
2026-04-16 23:31:29.636 +07:00 [INF] Request origin http://localhost:5174 does not have permission to access the resource.
2026-04-16 23:31:29.638 +07:00 [INF] Executing endpoint 'POS2SAP.API.Controllers.MonitorController.GetDashboard (POS2SAP.API)'
2026-04-16 23:31:29.640 +07:00 [INF] Route matched with {action = "GetDashboard", controller = "Monitor"}. Executing controller action with signature System.Threading.Tasks.Task`1[Microsoft.AspNetCore.Mvc.ActionResult`1[POS2SAP.API.Common.ApiResponse`1[POS2SAP.API.DTOs.Monitor.DashboardSummaryDto]]] GetDashboard() on controller POS2SAP.API.Controllers.MonitorController (POS2SAP.API).
2026-04-16 23:31:29.886 +07:00 [INF] Executing OkObjectResult, writing value of type 'POS2SAP.API.Common.ApiResponse`1[[POS2SAP.API.DTOs.Monitor.DashboardSummaryDto, POS2SAP.API, Version=1.0.0.0, Culture=neutral, PublicKeyToken=null]]'.
2026-04-16 23:31:29.888 +07:00 [INF] Executed action POS2SAP.API.Controllers.MonitorController.GetDashboard (POS2SAP.API) in 237.474ms
2026-04-16 23:31:29.891 +07:00 [INF] Executed endpoint 'POS2SAP.API.Controllers.MonitorController.GetDashboard (POS2SAP.API)'
2026-04-16 23:31:29.893 +07:00 [INF] HTTP GET /api/monitor/dashboard responded 200 in 275.0763 ms
2026-04-16 23:31:29.895 +07:00 [INF] Request finished HTTP/1.1 GET http://localhost:5163/api/monitor/dashboard - 200 null application/json; charset=utf-8 300.1645ms
2026-04-16 23:31:30.893 +07:00 [INF] Request starting HTTP/1.1 GET http://localhost:5163/api/monitor/dashboard - null null
2026-04-16 23:31:30.898 +07:00 [INF] CORS policy execution failed.
2026-04-16 23:31:30.901 +07:00 [INF] Request origin http://localhost:5174 does not have permission to access the resource.
2026-04-16 23:31:30.906 +07:00 [INF] Executing endpoint 'POS2SAP.API.Controllers.MonitorController.GetDashboard (POS2SAP.API)'
2026-04-16 23:31:30.908 +07:00 [INF] Route matched with {action = "GetDashboard", controller = "Monitor"}. Executing controller action with signature System.Threading.Tasks.Task`1[Microsoft.AspNetCore.Mvc.ActionResult`1[POS2SAP.API.Common.ApiResponse`1[POS2SAP.API.DTOs.Monitor.DashboardSummaryDto]]] GetDashboard() on controller POS2SAP.API.Controllers.MonitorController (POS2SAP.API).
2026-04-16 23:31:31.144 +07:00 [INF] Executing OkObjectResult, writing value of type 'POS2SAP.API.Common.ApiResponse`1[[POS2SAP.API.DTOs.Monitor.DashboardSummaryDto, POS2SAP.API, Version=1.0.0.0, Culture=neutral, PublicKeyToken=null]]'.
2026-04-16 23:31:31.159 +07:00 [INF] Executed action POS2SAP.API.Controllers.MonitorController.GetDashboard (POS2SAP.API) in 242.7423ms
2026-04-16 23:31:31.191 +07:00 [INF] Executed endpoint 'POS2SAP.API.Controllers.MonitorController.GetDashboard (POS2SAP.API)'
2026-04-16 23:31:31.192 +07:00 [INF] HTTP GET /api/monitor/dashboard responded 200 in 294.6358 ms
2026-04-16 23:31:31.208 +07:00 [INF] Request finished HTTP/1.1 GET http://localhost:5163/api/monitor/dashboard - 200 null application/json; charset=utf-8 315.154ms
2026-04-16 23:31:38.371 +07:00 [INF] Request starting HTTP/1.1 GET http://localhost:5163/api/monitor/dashboard - null null
2026-04-16 23:31:38.466 +07:00 [INF] CORS policy execution failed.
2026-04-16 23:31:38.469 +07:00 [INF] Request origin http://localhost:5174 does not have permission to access the resource.
2026-04-16 23:31:38.484 +07:00 [INF] Executing endpoint 'POS2SAP.API.Controllers.MonitorController.GetDashboard (POS2SAP.API)'
2026-04-16 23:31:38.508 +07:00 [INF] Route matched with {action = "GetDashboard", controller = "Monitor"}. Executing controller action with signature System.Threading.Tasks.Task`1[Microsoft.AspNetCore.Mvc.ActionResult`1[POS2SAP.API.Common.ApiResponse`1[POS2SAP.API.DTOs.Monitor.DashboardSummaryDto]]] GetDashboard() on controller POS2SAP.API.Controllers.MonitorController (POS2SAP.API).
2026-04-16 23:31:38.792 +07:00 [INF] Executing OkObjectResult, writing value of type 'POS2SAP.API.Common.ApiResponse`1[[POS2SAP.API.DTOs.Monitor.DashboardSummaryDto, POS2SAP.API, Version=1.0.0.0, Culture=neutral, PublicKeyToken=null]]'.
2026-04-16 23:31:38.796 +07:00 [INF] Executed action POS2SAP.API.Controllers.MonitorController.GetDashboard (POS2SAP.API) in 260.7864ms
2026-04-16 23:31:38.799 +07:00 [INF] Executed endpoint 'POS2SAP.API.Controllers.MonitorController.GetDashboard (POS2SAP.API)'
2026-04-16 23:31:38.801 +07:00 [INF] HTTP GET /api/monitor/dashboard responded 200 in 335.6485 ms
2026-04-16 23:31:38.805 +07:00 [INF] Request finished HTTP/1.1 GET http://localhost:5163/api/monitor/dashboard - 200 null application/json; charset=utf-8 433.7258ms
2026-04-16 23:31:39.818 +07:00 [INF] Request starting HTTP/1.1 GET http://localhost:5163/api/monitor/dashboard - null null
2026-04-16 23:31:39.942 +07:00 [INF] CORS policy execution failed.
2026-04-16 23:31:39.952 +07:00 [INF] Request origin http://localhost:5174 does not have permission to access the resource.
2026-04-16 23:31:39.973 +07:00 [INF] Executing endpoint 'POS2SAP.API.Controllers.MonitorController.GetDashboard (POS2SAP.API)'
2026-04-16 23:31:39.983 +07:00 [INF] Route matched with {action = "GetDashboard", controller = "Monitor"}. Executing controller action with signature System.Threading.Tasks.Task`1[Microsoft.AspNetCore.Mvc.ActionResult`1[POS2SAP.API.Common.ApiResponse`1[POS2SAP.API.DTOs.Monitor.DashboardSummaryDto]]] GetDashboard() on controller POS2SAP.API.Controllers.MonitorController (POS2SAP.API).
2026-04-16 23:31:40.214 +07:00 [INF] Executing OkObjectResult, writing value of type 'POS2SAP.API.Common.ApiResponse`1[[POS2SAP.API.DTOs.Monitor.DashboardSummaryDto, POS2SAP.API, Version=1.0.0.0, Culture=neutral, PublicKeyToken=null]]'.
2026-04-16 23:31:40.237 +07:00 [INF] Executed action POS2SAP.API.Controllers.MonitorController.GetDashboard (POS2SAP.API) in 228.4118ms
2026-04-16 23:31:40.274 +07:00 [INF] Executed endpoint 'POS2SAP.API.Controllers.MonitorController.GetDashboard (POS2SAP.API)'
2026-04-16 23:31:40.276 +07:00 [INF] HTTP GET /api/monitor/dashboard responded 200 in 334.6554 ms
2026-04-16 23:31:40.287 +07:00 [INF] Request finished HTTP/1.1 GET http://localhost:5163/api/monitor/dashboard - 200 null application/json; charset=utf-8 468.8604ms
2026-04-16 23:31:46.819 +07:00 [INF] Request starting HTTP/1.1 GET http://localhost:5163/api/monitor/logs?page=1&pageSize=20&sortBy=created_at&sortDirection=desc - null null
2026-04-16 23:31:46.871 +07:00 [INF] CORS policy execution failed.
2026-04-16 23:31:46.872 +07:00 [INF] Request origin http://localhost:5174 does not have permission to access the resource.
2026-04-16 23:31:46.873 +07:00 [INF] Executing endpoint 'POS2SAP.API.Controllers.MonitorController.GetLogs (POS2SAP.API)'
2026-04-16 23:31:46.874 +07:00 [INF] Route matched with {action = "GetLogs", controller = "Monitor"}. Executing controller action with signature System.Threading.Tasks.Task`1[Microsoft.AspNetCore.Mvc.ActionResult`1[POS2SAP.API.Common.ApiResponse`1[POS2SAP.API.Common.PagedResult`1[POS2SAP.API.DTOs.Monitor.InterfaceLogDto]]]] GetLogs(POS2SAP.API.DTOs.Monitor.InterfaceLogQueryParams) on controller POS2SAP.API.Controllers.MonitorController (POS2SAP.API).
2026-04-16 23:31:47.038 +07:00 [INF] Executing OkObjectResult, writing value of type 'POS2SAP.API.Common.ApiResponse`1[[POS2SAP.API.Common.PagedResult`1[[POS2SAP.API.DTOs.Monitor.InterfaceLogDto, POS2SAP.API, Version=1.0.0.0, Culture=neutral, PublicKeyToken=null]], POS2SAP.API, Version=1.0.0.0, Culture=neutral, PublicKeyToken=null]]'.
2026-04-16 23:31:47.040 +07:00 [INF] Executed action POS2SAP.API.Controllers.MonitorController.GetLogs (POS2SAP.API) in 157.9786ms
2026-04-16 23:31:47.043 +07:00 [INF] Executed endpoint 'POS2SAP.API.Controllers.MonitorController.GetLogs (POS2SAP.API)'
2026-04-16 23:31:47.047 +07:00 [INF] HTTP GET /api/monitor/logs responded 200 in 175.7475 ms
2026-04-16 23:31:47.049 +07:00 [INF] Request finished HTTP/1.1 GET http://localhost:5163/api/monitor/logs?page=1&pageSize=20&sortBy=created_at&sortDirection=desc - 200 null application/json; charset=utf-8 230.7481ms
2026-04-16 23:31:48.049 +07:00 [INF] Request starting HTTP/1.1 GET http://localhost:5163/api/monitor/logs?page=1&pageSize=20&sortBy=created_at&sortDirection=desc - null null
2026-04-16 23:31:48.066 +07:00 [INF] CORS policy execution failed.
2026-04-16 23:31:48.074 +07:00 [INF] Request origin http://localhost:5174 does not have permission to access the resource.
2026-04-16 23:31:48.086 +07:00 [INF] Executing endpoint 'POS2SAP.API.Controllers.MonitorController.GetLogs (POS2SAP.API)'
2026-04-16 23:31:48.097 +07:00 [INF] Route matched with {action = "GetLogs", controller = "Monitor"}. Executing controller action with signature System.Threading.Tasks.Task`1[Microsoft.AspNetCore.Mvc.ActionResult`1[POS2SAP.API.Common.ApiResponse`1[POS2SAP.API.Common.PagedResult`1[POS2SAP.API.DTOs.Monitor.InterfaceLogDto]]]] GetLogs(POS2SAP.API.DTOs.Monitor.InterfaceLogQueryParams) on controller POS2SAP.API.Controllers.MonitorController (POS2SAP.API).
2026-04-16 23:31:48.267 +07:00 [INF] Executing OkObjectResult, writing value of type 'POS2SAP.API.Common.ApiResponse`1[[POS2SAP.API.Common.PagedResult`1[[POS2SAP.API.DTOs.Monitor.InterfaceLogDto, POS2SAP.API, Version=1.0.0.0, Culture=neutral, PublicKeyToken=null]], POS2SAP.API, Version=1.0.0.0, Culture=neutral, PublicKeyToken=null]]'.
2026-04-16 23:31:48.325 +07:00 [INF] Executed action POS2SAP.API.Controllers.MonitorController.GetLogs (POS2SAP.API) in 226.7471ms
2026-04-16 23:31:48.327 +07:00 [INF] Executed endpoint 'POS2SAP.API.Controllers.MonitorController.GetLogs (POS2SAP.API)'
2026-04-16 23:31:48.329 +07:00 [INF] HTTP GET /api/monitor/logs responded 200 in 263.0181 ms
2026-04-16 23:31:48.331 +07:00 [INF] Request finished HTTP/1.1 GET http://localhost:5163/api/monitor/logs?page=1&pageSize=20&sortBy=created_at&sortDirection=desc - 200 null application/json; charset=utf-8 281.8408ms
2026-04-16 23:32:17.892 +07:00 [INF] Request starting HTTP/1.1 GET http://localhost:5163/api/monitor/dashboard - null null
2026-04-16 23:32:17.918 +07:00 [INF] CORS policy execution failed.
2026-04-16 23:32:17.934 +07:00 [INF] Request origin http://localhost:5174 does not have permission to access the resource.
2026-04-16 23:32:17.936 +07:00 [INF] Executing endpoint 'POS2SAP.API.Controllers.MonitorController.GetDashboard (POS2SAP.API)'
2026-04-16 23:32:17.942 +07:00 [INF] Route matched with {action = "GetDashboard", controller = "Monitor"}. Executing controller action with signature System.Threading.Tasks.Task`1[Microsoft.AspNetCore.Mvc.ActionResult`1[POS2SAP.API.Common.ApiResponse`1[POS2SAP.API.DTOs.Monitor.DashboardSummaryDto]]] GetDashboard() on controller POS2SAP.API.Controllers.MonitorController (POS2SAP.API).
2026-04-16 23:32:18.307 +07:00 [INF] Executing OkObjectResult, writing value of type 'POS2SAP.API.Common.ApiResponse`1[[POS2SAP.API.DTOs.Monitor.DashboardSummaryDto, POS2SAP.API, Version=1.0.0.0, Culture=neutral, PublicKeyToken=null]]'.
2026-04-16 23:32:18.310 +07:00 [INF] Executed action POS2SAP.API.Controllers.MonitorController.GetDashboard (POS2SAP.API) in 351.3472ms
2026-04-16 23:32:18.312 +07:00 [INF] Executed endpoint 'POS2SAP.API.Controllers.MonitorController.GetDashboard (POS2SAP.API)'
2026-04-16 23:32:18.313 +07:00 [INF] HTTP GET /api/monitor/dashboard responded 200 in 395.0967 ms
2026-04-16 23:32:18.315 +07:00 [INF] Request finished HTTP/1.1 GET http://localhost:5163/api/monitor/dashboard - 200 null application/json; charset=utf-8 423.7309ms
2026-04-16 23:32:19.363 +07:00 [INF] Request starting HTTP/1.1 GET http://localhost:5163/api/monitor/dashboard - null null
2026-04-16 23:32:19.508 +07:00 [INF] CORS policy execution failed.
2026-04-16 23:32:19.517 +07:00 [INF] Request origin http://localhost:5174 does not have permission to access the resource.
2026-04-16 23:32:19.524 +07:00 [INF] Executing endpoint 'POS2SAP.API.Controllers.MonitorController.GetDashboard (POS2SAP.API)'
2026-04-16 23:32:19.535 +07:00 [INF] Route matched with {action = "GetDashboard", controller = "Monitor"}. Executing controller action with signature System.Threading.Tasks.Task`1[Microsoft.AspNetCore.Mvc.ActionResult`1[POS2SAP.API.Common.ApiResponse`1[POS2SAP.API.DTOs.Monitor.DashboardSummaryDto]]] GetDashboard() on controller POS2SAP.API.Controllers.MonitorController (POS2SAP.API).
2026-04-16 23:32:19.782 +07:00 [INF] Executing OkObjectResult, writing value of type 'POS2SAP.API.Common.ApiResponse`1[[POS2SAP.API.DTOs.Monitor.DashboardSummaryDto, POS2SAP.API, Version=1.0.0.0, Culture=neutral, PublicKeyToken=null]]'.
2026-04-16 23:32:19.787 +07:00 [INF] Executed action POS2SAP.API.Controllers.MonitorController.GetDashboard (POS2SAP.API) in 244.1238ms
2026-04-16 23:32:19.816 +07:00 [INF] Executed endpoint 'POS2SAP.API.Controllers.MonitorController.GetDashboard (POS2SAP.API)'
2026-04-16 23:32:19.840 +07:00 [INF] HTTP GET /api/monitor/dashboard responded 200 in 332.6093 ms
2026-04-16 23:32:19.849 +07:00 [INF] Request finished HTTP/1.1 GET http://localhost:5163/api/monitor/dashboard - 200 null application/json; charset=utf-8 485.9504ms
2026-04-16 23:32:23.184 +07:00 [INF] Request starting HTTP/1.1 GET http://localhost:5163/api/monitor/logs?page=1&pageSize=20&sortBy=created_at&sortDirection=desc - null null
2026-04-16 23:32:23.203 +07:00 [INF] CORS policy execution failed.
2026-04-16 23:32:23.204 +07:00 [INF] Request origin http://localhost:5174 does not have permission to access the resource.
2026-04-16 23:32:23.208 +07:00 [INF] Executing endpoint 'POS2SAP.API.Controllers.MonitorController.GetLogs (POS2SAP.API)'
2026-04-16 23:32:23.219 +07:00 [INF] Route matched with {action = "GetLogs", controller = "Monitor"}. Executing controller action with signature System.Threading.Tasks.Task`1[Microsoft.AspNetCore.Mvc.ActionResult`1[POS2SAP.API.Common.ApiResponse`1[POS2SAP.API.Common.PagedResult`1[POS2SAP.API.DTOs.Monitor.InterfaceLogDto]]]] GetLogs(POS2SAP.API.DTOs.Monitor.InterfaceLogQueryParams) on controller POS2SAP.API.Controllers.MonitorController (POS2SAP.API).
2026-04-16 23:32:23.442 +07:00 [INF] Executing OkObjectResult, writing value of type 'POS2SAP.API.Common.ApiResponse`1[[POS2SAP.API.Common.PagedResult`1[[POS2SAP.API.DTOs.Monitor.InterfaceLogDto, POS2SAP.API, Version=1.0.0.0, Culture=neutral, PublicKeyToken=null]], POS2SAP.API, Version=1.0.0.0, Culture=neutral, PublicKeyToken=null]]'.
2026-04-16 23:32:23.446 +07:00 [INF] Executed action POS2SAP.API.Controllers.MonitorController.GetLogs (POS2SAP.API) in 214.0046ms
2026-04-16 23:32:23.450 +07:00 [INF] Executed endpoint 'POS2SAP.API.Controllers.MonitorController.GetLogs (POS2SAP.API)'
2026-04-16 23:32:23.451 +07:00 [INF] HTTP GET /api/monitor/logs responded 200 in 247.8249 ms
2026-04-16 23:32:23.453 +07:00 [INF] Request finished HTTP/1.1 GET http://localhost:5163/api/monitor/logs?page=1&pageSize=20&sortBy=created_at&sortDirection=desc - 200 null application/json; charset=utf-8 268.8709ms
2026-04-16 23:32:24.451 +07:00 [INF] Request starting HTTP/1.1 GET http://localhost:5163/api/monitor/logs?page=1&pageSize=20&sortBy=created_at&sortDirection=desc - null null
2026-04-16 23:32:24.466 +07:00 [INF] CORS policy execution failed.
2026-04-16 23:32:24.468 +07:00 [INF] Request origin http://localhost:5174 does not have permission to access the resource.
2026-04-16 23:32:24.470 +07:00 [INF] Executing endpoint 'POS2SAP.API.Controllers.MonitorController.GetLogs (POS2SAP.API)'
2026-04-16 23:32:24.480 +07:00 [INF] Route matched with {action = "GetLogs", controller = "Monitor"}. Executing controller action with signature System.Threading.Tasks.Task`1[Microsoft.AspNetCore.Mvc.ActionResult`1[POS2SAP.API.Common.ApiResponse`1[POS2SAP.API.Common.PagedResult`1[POS2SAP.API.DTOs.Monitor.InterfaceLogDto]]]] GetLogs(POS2SAP.API.DTOs.Monitor.InterfaceLogQueryParams) on controller POS2SAP.API.Controllers.MonitorController (POS2SAP.API).
2026-04-16 23:32:24.643 +07:00 [INF] Executing OkObjectResult, writing value of type 'POS2SAP.API.Common.ApiResponse`1[[POS2SAP.API.Common.PagedResult`1[[POS2SAP.API.DTOs.Monitor.InterfaceLogDto, POS2SAP.API, Version=1.0.0.0, Culture=neutral, PublicKeyToken=null]], POS2SAP.API, Version=1.0.0.0, Culture=neutral, PublicKeyToken=null]]'.
2026-04-16 23:32:24.685 +07:00 [INF] Executed action POS2SAP.API.Controllers.MonitorController.GetLogs (POS2SAP.API) in 202.5116ms
2026-04-16 23:32:24.692 +07:00 [INF] Executed endpoint 'POS2SAP.API.Controllers.MonitorController.GetLogs (POS2SAP.API)'
2026-04-16 23:32:24.705 +07:00 [INF] HTTP GET /api/monitor/logs responded 200 in 239.2045 ms
2026-04-16 23:32:24.726 +07:00 [INF] Request finished HTTP/1.1 GET http://localhost:5163/api/monitor/logs?page=1&pageSize=20&sortBy=created_at&sortDirection=desc - 200 null application/json; charset=utf-8 274.9879ms
2026-04-16 23:32:24.855 +07:00 [INF] Request starting HTTP/1.1 GET http://localhost:5163/api/monitor/dashboard - null null
2026-04-16 23:32:24.885 +07:00 [INF] CORS policy execution failed.
2026-04-16 23:32:24.889 +07:00 [INF] Request origin http://localhost:5174 does not have permission to access the resource.
2026-04-16 23:32:24.892 +07:00 [INF] Executing endpoint 'POS2SAP.API.Controllers.MonitorController.GetDashboard (POS2SAP.API)'
2026-04-16 23:32:24.898 +07:00 [INF] Route matched with {action = "GetDashboard", controller = "Monitor"}. Executing controller action with signature System.Threading.Tasks.Task`1[Microsoft.AspNetCore.Mvc.ActionResult`1[POS2SAP.API.Common.ApiResponse`1[POS2SAP.API.DTOs.Monitor.DashboardSummaryDto]]] GetDashboard() on controller POS2SAP.API.Controllers.MonitorController (POS2SAP.API).
2026-04-16 23:32:25.270 +07:00 [INF] Executing OkObjectResult, writing value of type 'POS2SAP.API.Common.ApiResponse`1[[POS2SAP.API.DTOs.Monitor.DashboardSummaryDto, POS2SAP.API, Version=1.0.0.0, Culture=neutral, PublicKeyToken=null]]'.
2026-04-16 23:32:25.276 +07:00 [INF] Executed action POS2SAP.API.Controllers.MonitorController.GetDashboard (POS2SAP.API) in 372.7167ms
2026-04-16 23:32:25.292 +07:00 [INF] Executed endpoint 'POS2SAP.API.Controllers.MonitorController.GetDashboard (POS2SAP.API)'
2026-04-16 23:32:25.304 +07:00 [INF] HTTP GET /api/monitor/dashboard responded 200 in 418.6151 ms
2026-04-16 23:32:25.315 +07:00 [INF] Request finished HTTP/1.1 GET http://localhost:5163/api/monitor/dashboard - 200 null application/json; charset=utf-8 460.0896ms
2026-04-16 23:32:26.297 +07:00 [INF] Request starting HTTP/1.1 GET http://localhost:5163/api/monitor/dashboard - null null
2026-04-16 23:32:26.301 +07:00 [INF] CORS policy execution failed.
2026-04-16 23:32:26.301 +07:00 [INF] Request origin http://localhost:5174 does not have permission to access the resource.
2026-04-16 23:32:26.302 +07:00 [INF] Executing endpoint 'POS2SAP.API.Controllers.MonitorController.GetDashboard (POS2SAP.API)'
2026-04-16 23:32:26.303 +07:00 [INF] Route matched with {action = "GetDashboard", controller = "Monitor"}. Executing controller action with signature System.Threading.Tasks.Task`1[Microsoft.AspNetCore.Mvc.ActionResult`1[POS2SAP.API.Common.ApiResponse`1[POS2SAP.API.DTOs.Monitor.DashboardSummaryDto]]] GetDashboard() on controller POS2SAP.API.Controllers.MonitorController (POS2SAP.API).
2026-04-16 23:32:26.457 +07:00 [INF] Executing OkObjectResult, writing value of type 'POS2SAP.API.Common.ApiResponse`1[[POS2SAP.API.DTOs.Monitor.DashboardSummaryDto, POS2SAP.API, Version=1.0.0.0, Culture=neutral, PublicKeyToken=null]]'.
2026-04-16 23:32:26.461 +07:00 [INF] Executed action POS2SAP.API.Controllers.MonitorController.GetDashboard (POS2SAP.API) in 156.2304ms
2026-04-16 23:32:26.475 +07:00 [INF] Executed endpoint 'POS2SAP.API.Controllers.MonitorController.GetDashboard (POS2SAP.API)'
2026-04-16 23:32:26.479 +07:00 [INF] HTTP GET /api/monitor/dashboard responded 200 in 178.7367 ms
2026-04-16 23:32:26.487 +07:00 [INF] Request finished HTTP/1.1 GET http://localhost:5163/api/monitor/dashboard - 200 null application/json; charset=utf-8 189.7515ms
2026-04-16 23:35:36.045 +07:00 [INF] Scheduled batch started
2026-04-16 23:35:36.110 +07:00 [INF] Batch complete: sent=0 failed=0
2026-04-16 23:40:36.195 +07:00 [INF] Scheduled batch started
2026-04-16 23:40:36.264 +07:00 [INF] Batch complete: sent=0 failed=0
2026-04-16 23:45:36.490 +07:00 [INF] Scheduled batch started
2026-04-16 23:45:36.546 +07:00 [INF] Batch complete: sent=0 failed=0
2026-04-16 23:54:34.514 +07:00 [INF] InterfaceJobService started
2026-04-16 23:54:34.928 +07:00 [INF] Now listening on: http://localhost:5163
2026-04-16 23:54:34.933 +07:00 [INF] Application started. Press Ctrl+C to shut down.
2026-04-16 23:54:34.936 +07:00 [INF] Hosting environment: Development
2026-04-16 23:54:34.939 +07:00 [INF] Content root path: C:\DATA_D\Work2\POS_NEW_gitlab\POS2SAP\backend\POS2SAP.API
2026-04-16 23:54:35.346 +07:00 [INF] Scheduled batch started
2026-04-16 23:54:35.512 +07:00 [ERR] Failed to fetch POS bills
Microsoft.Data.SqlClient.SqlException (0x80131904): Invalid column name 'MemberCode'.
Invalid column name 'MemberCode'.
   at Microsoft.Data.SqlClient.SqlCommand.<>c.<ExecuteDbDataReaderAsync>b__270_0(Task`1 result)
   at System.Threading.Tasks.ContinuationResultTaskFromResultTask`2.InnerInvoke()
   at System.Threading.ExecutionContext.RunInternal(ExecutionContext executionContext, ContextCallback callback, Object state)
--- End of stack trace from previous location ---
   at System.Threading.ExecutionContext.RunInternal(ExecutionContext executionContext, ContextCallback callback, Object state)
   at System.Threading.Tasks.Task.ExecuteWithThreadLocal(Task& currentTaskSlot, Thread threadPoolThread)
--- End of stack trace from previous location ---
   at Dapper.SqlMapper.QueryAsync[T](IDbConnection cnn, Type effectiveType, CommandDefinition command) in /_/Dapper/SqlMapper.Async.cs:line 434
   at POS2SAP.API.Services.Implementations.PosDataService.GetPendingBillsAsyncImpl() in C:\DATA_D\Work2\POS_NEW_gitlab\POS2SAP\backend\POS2SAP.API\Services\Implementations\PosDataService.cs:line 68
   at POS2SAP.API.Services.Implementations.InterfaceJobService.RunBatchAsync(IServiceScope scope, List`1 docNos) in C:\DATA_D\Work2\POS_NEW_gitlab\POS2SAP\backend\POS2SAP.API\Services\Implementations\InterfaceJobService.cs:line 116
ClientConnectionId:5d5ab77d-19ef-4d03-b7b8-b015cc5dc32b
Error Number:207,State:1,Class:16
2026-04-16 23:54:47.765 +07:00 [INF] Application is shutting down...
2026-04-16 23:54:47.807 +07:00 [INF] InterfaceJobService stopped
2026-04-16 23:56:06.487 +07:00 [INF] InterfaceJobService started
2026-04-16 23:56:06.764 +07:00 [INF] Now listening on: http://localhost:5163
2026-04-16 23:56:06.770 +07:00 [INF] Application started. Press Ctrl+C to shut down.
2026-04-16 23:56:06.773 +07:00 [INF] Hosting environment: Development
2026-04-16 23:56:06.778 +07:00 [INF] Content root path: C:\DATA_D\Work2\POS_NEW_gitlab\POS2SAP\backend\POS2SAP.API
2026-04-16 23:56:07.163 +07:00 [INF] Scheduled batch started
2026-04-16 23:56:12.660 +07:00 [INF] Request starting HTTP/1.1 GET http://localhost:5163/api/monitor/logs?page=1&pageSize=20&sortBy=created_at&sortDirection=desc - null null
2026-04-16 23:56:12.714 +07:00 [INF] CORS policy execution failed.
2026-04-16 23:56:12.716 +07:00 [INF] Request origin http://localhost:5174 does not have permission to access the resource.
2026-04-16 23:56:12.720 +07:00 [INF] Executing endpoint 'POS2SAP.API.Controllers.MonitorController.GetLogs (POS2SAP.API)'
2026-04-16 23:56:12.742 +07:00 [INF] Route matched with {action = "GetLogs", controller = "Monitor"}. Executing controller action with signature System.Threading.Tasks.Task`1[Microsoft.AspNetCore.Mvc.ActionResult`1[POS2SAP.API.Common.ApiResponse`1[POS2SAP.API.Common.PagedResult`1[POS2SAP.API.DTOs.Monitor.InterfaceLogDto]]]] GetLogs(POS2SAP.API.DTOs.Monitor.InterfaceLogQueryParams) on controller POS2SAP.API.Controllers.MonitorController (POS2SAP.API).
2026-04-16 23:56:13.447 +07:00 [INF] Executing OkObjectResult, writing value of type 'POS2SAP.API.Common.ApiResponse`1[[POS2SAP.API.Common.PagedResult`1[[POS2SAP.API.DTOs.Monitor.InterfaceLogDto, POS2SAP.API, Version=1.0.0.0, Culture=neutral, PublicKeyToken=null]], POS2SAP.API, Version=1.0.0.0, Culture=neutral, PublicKeyToken=null]]'.
2026-04-16 23:56:13.561 +07:00 [INF] Executed action POS2SAP.API.Controllers.MonitorController.GetLogs (POS2SAP.API) in 808.5709ms
2026-04-16 23:56:13.575 +07:00 [INF] Executed endpoint 'POS2SAP.API.Controllers.MonitorController.GetLogs (POS2SAP.API)'
2026-04-16 23:56:13.578 +07:00 [INF] HTTP GET /api/monitor/logs responded 200 in 882.3451 ms
2026-04-16 23:56:13.592 +07:00 [INF] Request finished HTTP/1.1 GET http://localhost:5163/api/monitor/logs?page=1&pageSize=20&sortBy=created_at&sortDirection=desc - 200 null application/json; charset=utf-8 934.4748ms
2026-04-16 23:56:14.572 +07:00 [INF] Request starting HTTP/1.1 GET http://localhost:5163/api/monitor/logs?page=1&pageSize=20&sortBy=created_at&sortDirection=desc - null null
2026-04-16 23:56:14.596 +07:00 [INF] CORS policy execution failed.
2026-04-16 23:56:14.620 +07:00 [INF] Request origin http://localhost:5174 does not have permission to access the resource.
2026-04-16 23:56:14.623 +07:00 [INF] Executing endpoint 'POS2SAP.API.Controllers.MonitorController.GetLogs (POS2SAP.API)'
2026-04-16 23:56:14.629 +07:00 [INF] Route matched with {action = "GetLogs", controller = "Monitor"}. Executing controller action with signature System.Threading.Tasks.Task`1[Microsoft.AspNetCore.Mvc.ActionResult`1[POS2SAP.API.Common.ApiResponse`1[POS2SAP.API.Common.PagedResult`1[POS2SAP.API.DTOs.Monitor.InterfaceLogDto]]]] GetLogs(POS2SAP.API.DTOs.Monitor.InterfaceLogQueryParams) on controller POS2SAP.API.Controllers.MonitorController (POS2SAP.API).
2026-04-16 23:56:14.827 +07:00 [INF] Executing OkObjectResult, writing value of type 'POS2SAP.API.Common.ApiResponse`1[[POS2SAP.API.Common.PagedResult`1[[POS2SAP.API.DTOs.Monitor.InterfaceLogDto, POS2SAP.API, Version=1.0.0.0, Culture=neutral, PublicKeyToken=null]], POS2SAP.API, Version=1.0.0.0, Culture=neutral, PublicKeyToken=null]]'.
2026-04-16 23:56:14.839 +07:00 [INF] Executed action POS2SAP.API.Controllers.MonitorController.GetLogs (POS2SAP.API) in 199.5332ms
2026-04-16 23:56:14.872 +07:00 [INF] Executed endpoint 'POS2SAP.API.Controllers.MonitorController.GetLogs (POS2SAP.API)'
2026-04-16 23:56:14.875 +07:00 [INF] HTTP GET /api/monitor/logs responded 200 in 283.9022 ms
2026-04-16 23:56:14.876 +07:00 [INF] Request finished HTTP/1.1 GET http://localhost:5163/api/monitor/logs?page=1&pageSize=20&sortBy=created_at&sortDirection=desc - 200 null application/json; charset=utf-8 304.2892ms
2026-04-16 23:56:18.922 +07:00 [INF] Request starting HTTP/1.1 GET http://localhost:5163/api/config - null null
2026-04-16 23:56:18.932 +07:00 [INF] CORS policy execution failed.
2026-04-16 23:56:18.938 +07:00 [INF] Request origin http://localhost:5174 does not have permission to access the resource.
2026-04-16 23:56:18.940 +07:00 [INF] Executing endpoint 'POS2SAP.API.Controllers.ConfigController.GetAll (POS2SAP.API)'
2026-04-16 23:56:18.949 +07:00 [INF] Route matched with {action = "GetAll", controller = "Config"}. Executing controller action with signature System.Threading.Tasks.Task`1[Microsoft.AspNetCore.Mvc.ActionResult`1[POS2SAP.API.Common.ApiResponse`1[System.Collections.Generic.List`1[POS2SAP.API.DTOs.Config.InterfaceConfigDto]]]] GetAll() on controller POS2SAP.API.Controllers.ConfigController (POS2SAP.API).
2026-04-16 23:56:19.002 +07:00 [INF] Executing OkObjectResult, writing value of type 'POS2SAP.API.Common.ApiResponse`1[[System.Collections.Generic.List`1[[POS2SAP.API.DTOs.Config.InterfaceConfigDto, POS2SAP.API, Version=1.0.0.0, Culture=neutral, PublicKeyToken=null]], System.Private.CoreLib, Version=8.0.0.0, Culture=neutral, PublicKeyToken=7cec85d7bea7798e]]'.
2026-04-16 23:56:19.009 +07:00 [INF] Executed action POS2SAP.API.Controllers.ConfigController.GetAll (POS2SAP.API) in 56.9941ms
2026-04-16 23:56:19.011 +07:00 [INF] Executed endpoint 'POS2SAP.API.Controllers.ConfigController.GetAll (POS2SAP.API)'
2026-04-16 23:56:19.014 +07:00 [INF] HTTP GET /api/config responded 200 in 84.3184 ms
2026-04-16 23:56:19.017 +07:00 [INF] Request finished HTTP/1.1 GET http://localhost:5163/api/config - 200 null application/json; charset=utf-8 95.2479ms
2026-04-16 23:56:20.020 +07:00 [INF] Request starting HTTP/1.1 GET http://localhost:5163/api/config - null null
2026-04-16 23:56:20.026 +07:00 [INF] CORS policy execution failed.
2026-04-16 23:56:20.028 +07:00 [INF] Request origin http://localhost:5174 does not have permission to access the resource.
2026-04-16 23:56:20.042 +07:00 [INF] Executing endpoint 'POS2SAP.API.Controllers.ConfigController.GetAll (POS2SAP.API)'
2026-04-16 23:56:20.043 +07:00 [INF] Route matched with {action = "GetAll", controller = "Config"}. Executing controller action with signature System.Threading.Tasks.Task`1[Microsoft.AspNetCore.Mvc.ActionResult`1[POS2SAP.API.Common.ApiResponse`1[System.Collections.Generic.List`1[POS2SAP.API.DTOs.Config.InterfaceConfigDto]]]] GetAll() on controller POS2SAP.API.Controllers.ConfigController (POS2SAP.API).
2026-04-16 23:56:20.167 +07:00 [INF] Executing OkObjectResult, writing value of type 'POS2SAP.API.Common.ApiResponse`1[[System.Collections.Generic.List`1[[POS2SAP.API.DTOs.Config.InterfaceConfigDto, POS2SAP.API, Version=1.0.0.0, Culture=neutral, PublicKeyToken=null]], System.Private.CoreLib, Version=8.0.0.0, Culture=neutral, PublicKeyToken=7cec85d7bea7798e]]'.
2026-04-16 23:56:20.170 +07:00 [INF] Executed action POS2SAP.API.Controllers.ConfigController.GetAll (POS2SAP.API) in 123.9577ms
2026-04-16 23:56:20.198 +07:00 [INF] Executed endpoint 'POS2SAP.API.Controllers.ConfigController.GetAll (POS2SAP.API)'
2026-04-16 23:56:20.200 +07:00 [INF] HTTP GET /api/config responded 200 in 173.9156 ms
2026-04-16 23:56:20.203 +07:00 [INF] Request finished HTTP/1.1 GET http://localhost:5163/api/config - 200 null application/json; charset=utf-8 183.0208ms
2026-04-16 23:56:39.497 +07:00 [INF] Request starting HTTP/1.1 GET http://localhost:5163/api/config - null null
2026-04-16 23:56:39.528 +07:00 [INF] CORS policy execution failed.
2026-04-16 23:56:39.535 +07:00 [INF] Request origin http://localhost:5174 does not have permission to access the resource.
2026-04-16 23:56:39.540 +07:00 [INF] Executing endpoint 'POS2SAP.API.Controllers.ConfigController.GetAll (POS2SAP.API)'
2026-04-16 23:56:39.555 +07:00 [INF] Route matched with {action = "GetAll", controller = "Config"}. Executing controller action with signature System.Threading.Tasks.Task`1[Microsoft.AspNetCore.Mvc.ActionResult`1[POS2SAP.API.Common.ApiResponse`1[System.Collections.Generic.List`1[POS2SAP.API.DTOs.Config.InterfaceConfigDto]]]] GetAll() on controller POS2SAP.API.Controllers.ConfigController (POS2SAP.API).
2026-04-16 23:56:39.659 +07:00 [INF] Executing OkObjectResult, writing value of type 'POS2SAP.API.Common.ApiResponse`1[[System.Collections.Generic.List`1[[POS2SAP.API.DTOs.Config.InterfaceConfigDto, POS2SAP.API, Version=1.0.0.0, Culture=neutral, PublicKeyToken=null]], System.Private.CoreLib, Version=8.0.0.0, Culture=neutral, PublicKeyToken=7cec85d7bea7798e]]'.
2026-04-16 23:56:39.684 +07:00 [INF] Executed action POS2SAP.API.Controllers.ConfigController.GetAll (POS2SAP.API) in 88.2443ms
2026-04-16 23:56:39.692 +07:00 [INF] Executed endpoint 'POS2SAP.API.Controllers.ConfigController.GetAll (POS2SAP.API)'
2026-04-16 23:56:39.716 +07:00 [INF] HTTP GET /api/config responded 200 in 188.7169 ms
2026-04-16 23:56:39.727 +07:00 [INF] Request finished HTTP/1.1 GET http://localhost:5163/api/config - 200 null application/json; charset=utf-8 230.2298ms
2026-04-16 23:56:40.728 +07:00 [INF] Request starting HTTP/1.1 GET http://localhost:5163/api/config - null null
2026-04-16 23:56:40.756 +07:00 [INF] CORS policy execution failed.
2026-04-16 23:56:40.864 +07:00 [INF] Request origin http://localhost:5174 does not have permission to access the resource.
2026-04-16 23:56:40.956 +07:00 [INF] Executing endpoint 'POS2SAP.API.Controllers.ConfigController.GetAll (POS2SAP.API)'
2026-04-16 23:56:40.982 +07:00 [INF] Route matched with {action = "GetAll", controller = "Config"}. Executing controller action with signature System.Threading.Tasks.Task`1[Microsoft.AspNetCore.Mvc.ActionResult`1[POS2SAP.API.Common.ApiResponse`1[System.Collections.Generic.List`1[POS2SAP.API.DTOs.Config.InterfaceConfigDto]]]] GetAll() on controller POS2SAP.API.Controllers.ConfigController (POS2SAP.API).
2026-04-16 23:56:41.144 +07:00 [INF] Executing OkObjectResult, writing value of type 'POS2SAP.API.Common.ApiResponse`1[[System.Collections.Generic.List`1[[POS2SAP.API.DTOs.Config.InterfaceConfigDto, POS2SAP.API, Version=1.0.0.0, Culture=neutral, PublicKeyToken=null]], System.Private.CoreLib, Version=8.0.0.0, Culture=neutral, PublicKeyToken=7cec85d7bea7798e]]'.
2026-04-16 23:56:41.150 +07:00 [INF] Executed action POS2SAP.API.Controllers.ConfigController.GetAll (POS2SAP.API) in 103.1811ms
2026-04-16 23:56:41.264 +07:00 [INF] Executed endpoint 'POS2SAP.API.Controllers.ConfigController.GetAll (POS2SAP.API)'
2026-04-16 23:56:41.289 +07:00 [INF] HTTP GET /api/config responded 200 in 533.8231 ms
2026-04-16 23:56:41.309 +07:00 [INF] Request finished HTTP/1.1 GET http://localhost:5163/api/config - 200 null application/json; charset=utf-8 580.491ms
2026-04-16 23:56:48.633 +07:00 [INF] Request starting HTTP/1.1 GET http://localhost:5163/api/monitor/logs?page=1&pageSize=20&sortBy=created_at&sortDirection=desc - null null
2026-04-16 23:56:48.671 +07:00 [INF] CORS policy execution failed.
2026-04-16 23:56:48.678 +07:00 [INF] Request origin http://localhost:5174 does not have permission to access the resource.
2026-04-16 23:56:48.684 +07:00 [INF] Executing endpoint 'POS2SAP.API.Controllers.MonitorController.GetLogs (POS2SAP.API)'
2026-04-16 23:56:48.699 +07:00 [INF] Route matched with {action = "GetLogs", controller = "Monitor"}. Executing controller action with signature System.Threading.Tasks.Task`1[Microsoft.AspNetCore.Mvc.ActionResult`1[POS2SAP.API.Common.ApiResponse`1[POS2SAP.API.Common.PagedResult`1[POS2SAP.API.DTOs.Monitor.InterfaceLogDto]]]] GetLogs(POS2SAP.API.DTOs.Monitor.InterfaceLogQueryParams) on controller POS2SAP.API.Controllers.MonitorController (POS2SAP.API).
2026-04-16 23:56:48.825 +07:00 [INF] Executing OkObjectResult, writing value of type 'POS2SAP.API.Common.ApiResponse`1[[POS2SAP.API.Common.PagedResult`1[[POS2SAP.API.DTOs.Monitor.InterfaceLogDto, POS2SAP.API, Version=1.0.0.0, Culture=neutral, PublicKeyToken=null]], POS2SAP.API, Version=1.0.0.0, Culture=neutral, PublicKeyToken=null]]'.
2026-04-16 23:56:48.838 +07:00 [INF] Executed action POS2SAP.API.Controllers.MonitorController.GetLogs (POS2SAP.API) in 115.0529ms
2026-04-16 23:56:48.853 +07:00 [INF] Executed endpoint 'POS2SAP.API.Controllers.MonitorController.GetLogs (POS2SAP.API)'
2026-04-16 23:56:48.868 +07:00 [INF] HTTP GET /api/monitor/logs responded 200 in 197.6623 ms
2026-04-16 23:56:48.891 +07:00 [INF] Request finished HTTP/1.1 GET http://localhost:5163/api/monitor/logs?page=1&pageSize=20&sortBy=created_at&sortDirection=desc - 200 null application/json; charset=utf-8 257.0339ms
2026-04-16 23:56:49.850 +07:00 [INF] Request starting HTTP/1.1 GET http://localhost:5163/api/monitor/logs?page=1&pageSize=20&sortBy=created_at&sortDirection=desc - null null
2026-04-16 23:56:49.857 +07:00 [INF] CORS policy execution failed.
2026-04-16 23:56:49.858 +07:00 [INF] Request origin http://localhost:5174 does not have permission to access the resource.
2026-04-16 23:56:49.868 +07:00 [INF] Executing endpoint 'POS2SAP.API.Controllers.MonitorController.GetLogs (POS2SAP.API)'
2026-04-16 23:56:49.871 +07:00 [INF] Route matched with {action = "GetLogs", controller = "Monitor"}. Executing controller action with signature System.Threading.Tasks.Task`1[Microsoft.AspNetCore.Mvc.ActionResult`1[POS2SAP.API.Common.ApiResponse`1[POS2SAP.API.Common.PagedResult`1[POS2SAP.API.DTOs.Monitor.InterfaceLogDto]]]] GetLogs(POS2SAP.API.DTOs.Monitor.InterfaceLogQueryParams) on controller POS2SAP.API.Controllers.MonitorController (POS2SAP.API).
2026-04-16 23:56:50.010 +07:00 [INF] Executing OkObjectResult, writing value of type 'POS2SAP.API.Common.ApiResponse`1[[POS2SAP.API.Common.PagedResult`1[[POS2SAP.API.DTOs.Monitor.InterfaceLogDto, POS2SAP.API, Version=1.0.0.0, Culture=neutral, PublicKeyToken=null]], POS2SAP.API, Version=1.0.0.0, Culture=neutral, PublicKeyToken=null]]'.
2026-04-16 23:56:50.042 +07:00 [INF] Executed action POS2SAP.API.Controllers.MonitorController.GetLogs (POS2SAP.API) in 163.8161ms
2026-04-16 23:56:50.056 +07:00 [INF] Executed endpoint 'POS2SAP.API.Controllers.MonitorController.GetLogs (POS2SAP.API)'
2026-04-16 23:56:50.071 +07:00 [INF] HTTP GET /api/monitor/logs responded 200 in 214.4766 ms
2026-04-16 23:56:50.092 +07:00 [INF] Request finished HTTP/1.1 GET http://localhost:5163/api/monitor/logs?page=1&pageSize=20&sortBy=created_at&sortDirection=desc - 200 null application/json; charset=utf-8 241.597ms
2026-04-16 23:56:51.462 +07:00 [INF] Request starting HTTP/1.1 GET http://localhost:5163/api/config - null null
2026-04-16 23:56:51.469 +07:00 [INF] CORS policy execution failed.
2026-04-16 23:56:51.470 +07:00 [INF] Request origin http://localhost:5174 does not have permission to access the resource.
2026-04-16 23:56:51.472 +07:00 [INF] Executing endpoint 'POS2SAP.API.Controllers.ConfigController.GetAll (POS2SAP.API)'
2026-04-16 23:56:51.475 +07:00 [INF] Route matched with {action = "GetAll", controller = "Config"}. Executing controller action with signature System.Threading.Tasks.Task`1[Microsoft.AspNetCore.Mvc.ActionResult`1[POS2SAP.API.Common.ApiResponse`1[System.Collections.Generic.List`1[POS2SAP.API.DTOs.Config.InterfaceConfigDto]]]] GetAll() on controller POS2SAP.API.Controllers.ConfigController (POS2SAP.API).
2026-04-16 23:56:51.529 +07:00 [INF] Executing OkObjectResult, writing value of type 'POS2SAP.API.Common.ApiResponse`1[[System.Collections.Generic.List`1[[POS2SAP.API.DTOs.Config.InterfaceConfigDto, POS2SAP.API, Version=1.0.0.0, Culture=neutral, PublicKeyToken=null]], System.Private.CoreLib, Version=8.0.0.0, Culture=neutral, PublicKeyToken=7cec85d7bea7798e]]'.
2026-04-16 23:56:51.534 +07:00 [INF] Executed action POS2SAP.API.Controllers.ConfigController.GetAll (POS2SAP.API) in 53.6316ms
2026-04-16 23:56:51.538 +07:00 [INF] Executed endpoint 'POS2SAP.API.Controllers.ConfigController.GetAll (POS2SAP.API)'
2026-04-16 23:56:51.543 +07:00 [INF] HTTP GET /api/config responded 200 in 74.4452 ms
2026-04-16 23:56:51.554 +07:00 [INF] Request finished HTTP/1.1 GET http://localhost:5163/api/config - 200 null application/json; charset=utf-8 92.6114ms
2026-04-16 23:56:52.545 +07:00 [INF] Request starting HTTP/1.1 GET http://localhost:5163/api/config - null null
2026-04-16 23:56:52.553 +07:00 [INF] CORS policy execution failed.
2026-04-16 23:56:52.554 +07:00 [INF] Request origin http://localhost:5174 does not have permission to access the resource.
2026-04-16 23:56:52.555 +07:00 [INF] Executing endpoint 'POS2SAP.API.Controllers.ConfigController.GetAll (POS2SAP.API)'
2026-04-16 23:56:52.558 +07:00 [INF] Route matched with {action = "GetAll", controller = "Config"}. Executing controller action with signature System.Threading.Tasks.Task`1[Microsoft.AspNetCore.Mvc.ActionResult`1[POS2SAP.API.Common.ApiResponse`1[System.Collections.Generic.List`1[POS2SAP.API.DTOs.Config.InterfaceConfigDto]]]] GetAll() on controller POS2SAP.API.Controllers.ConfigController (POS2SAP.API).
2026-04-16 23:56:52.605 +07:00 [INF] Executing OkObjectResult, writing value of type 'POS2SAP.API.Common.ApiResponse`1[[System.Collections.Generic.List`1[[POS2SAP.API.DTOs.Config.InterfaceConfigDto, POS2SAP.API, Version=1.0.0.0, Culture=neutral, PublicKeyToken=null]], System.Private.CoreLib, Version=8.0.0.0, Culture=neutral, PublicKeyToken=7cec85d7bea7798e]]'.
2026-04-16 23:56:52.617 +07:00 [INF] Executed action POS2SAP.API.Controllers.ConfigController.GetAll (POS2SAP.API) in 58.0495ms
2026-04-16 23:56:52.623 +07:00 [INF] Executed endpoint 'POS2SAP.API.Controllers.ConfigController.GetAll (POS2SAP.API)'
2026-04-16 23:56:52.625 +07:00 [INF] HTTP GET /api/config responded 200 in 72.6679 ms
2026-04-16 23:56:52.632 +07:00 [INF] Request finished HTTP/1.1 GET http://localhost:5163/api/config - 200 null application/json; charset=utf-8 87.3873ms
2026-04-16 23:59:27.791 +07:00 [ERR] Failed to fetch POS bills
Microsoft.CSharp.RuntimeBinder.RuntimeBinderException: Cannot implicitly convert type 'int' to 'string'
   at CallSite.Target(Closure, CallSite, Object)
   at System.Dynamic.UpdateDelegates.UpdateAndExecute1[T0,TRet](CallSite site, T0 arg0)
   at POS2SAP.API.Services.Implementations.PosDataService.MapHead(Object h) in C:\DATA_D\Work2\POS_NEW_gitlab\POS2SAP\backend\POS2SAP.API\Services\Implementations\PosDataService.cs:line 204
   at System.Dynamic.UpdateDelegates.UpdateAndExecute2[T0,T1,TRet](CallSite site, T0 arg0, T1 arg1)
   at POS2SAP.API.Services.Implementations.PosDataService.GetPendingBillsAsyncImpl() in C:\DATA_D\Work2\POS_NEW_gitlab\POS2SAP\backend\POS2SAP.API\Services\Implementations\PosDataService.cs:line 73
   at POS2SAP.API.Services.Implementations.InterfaceJobService.RunBatchAsync(IServiceScope scope, List`1 docNos) in C:\DATA_D\Work2\POS_NEW_gitlab\POS2SAP\backend\POS2SAP.API\Services\Implementations\InterfaceJobService.cs:line 116
2026-04-16 23:59:43.509 +07:00 [INF] Request starting HTTP/1.1 GET http://localhost:5163/api/config - null null
2026-04-16 23:59:43.518 +07:00 [INF] Executing endpoint 'POS2SAP.API.Controllers.ConfigController.GetAll (POS2SAP.API)'
2026-04-16 23:59:43.525 +07:00 [INF] Route matched with {action = "GetAll", controller = "Config"}. Executing controller action with signature System.Threading.Tasks.Task`1[Microsoft.AspNetCore.Mvc.ActionResult`1[POS2SAP.API.Common.ApiResponse`1[System.Collections.Generic.List`1[POS2SAP.API.DTOs.Config.InterfaceConfigDto]]]] GetAll() on controller POS2SAP.API.Controllers.ConfigController (POS2SAP.API).
2026-04-16 23:59:43.627 +07:00 [INF] Executing OkObjectResult, writing value of type 'POS2SAP.API.Common.ApiResponse`1[[System.Collections.Generic.List`1[[POS2SAP.API.DTOs.Config.InterfaceConfigDto, POS2SAP.API, Version=1.0.0.0, Culture=neutral, PublicKeyToken=null]], System.Private.CoreLib, Version=8.0.0.0, Culture=neutral, PublicKeyToken=7cec85d7bea7798e]]'.
2026-04-16 23:59:43.632 +07:00 [INF] Executed action POS2SAP.API.Controllers.ConfigController.GetAll (POS2SAP.API) in 100.6587ms
2026-04-16 23:59:43.638 +07:00 [INF] Executed endpoint 'POS2SAP.API.Controllers.ConfigController.GetAll (POS2SAP.API)'
2026-04-16 23:59:43.643 +07:00 [INF] HTTP GET /api/config responded 200 in 125.0193 ms
2026-04-16 23:59:43.651 +07:00 [INF] Request finished HTTP/1.1 GET http://localhost:5163/api/config - 200 null application/json; charset=utf-8 142.5925ms
